

Microchip MPLAB XC8 Assembler V2.32 build 20210201212658 
                                                                                               Thu Feb 17 11:17:40 2022

Microchip MPLAB XC8 C Compiler v2.32 (Free license) build 20210201212658 Og1 
     1                           	processor	16F887
     2                           	pagewidth 120
     3                           	opt	flic
     4                           	psect	cinit,global,class=CODE,merge=1,delta=2
     5                           	psect	bssCOMMON,global,class=COMMON,space=1,delta=1,noexec
     6                           	psect	cstackCOMMON,global,class=COMMON,space=1,delta=1,noexec
     7                           	psect	cstackBANK0,global,class=BANK0,space=1,delta=1,noexec
     8                           	psect	maintext,global,class=CODE,split=1,delta=2
     9                           	psect	text1,local,class=CODE,merge=1,delta=2
    10                           	psect	text2,local,class=CODE,merge=1,delta=2
    11                           	psect	text3,local,class=CODE,merge=1,delta=2
    12                           	psect	text4,local,class=CODE,merge=1,delta=2
    13                           	psect	text5,local,class=CODE,merge=1,delta=2
    14                           	psect	text6,local,class=CODE,merge=1,delta=2
    15                           	psect	text7,local,class=CODE,merge=1,delta=2
    16                           	psect	text8,local,class=CODE,merge=1,delta=2
    17                           	psect	intentry,global,class=CODE,delta=2
    18                           	psect	text9,local,class=CODE,merge=1,delta=2
    19                           	psect	text10,local,class=CODE,merge=1,delta=2
    20                           	psect	text11,local,class=CODE,merge=1,delta=2
    21                           	psect	config,global,abs,ovrld,class=CONFIG,space=4,delta=2,noexec
    22                           	dabs	1,0x7E,2
    23  0000                     
    24                           ; Version 2.20
    25                           ; Generated 12/02/2020 GMT
    26                           ; 
    27                           ; Copyright © 2020, Microchip Technology Inc. and its subsidiaries ("Microchip")
    28                           ; All rights reserved.
    29                           ; 
    30                           ; This software is developed by Microchip Technology Inc. and its subsidiaries ("Microch
      +                          ip").
    31                           ; 
    32                           ; Redistribution and use in source and binary forms, with or without modification, are
    33                           ; permitted provided that the following conditions are met:
    34                           ; 
    35                           ;     1. Redistributions of source code must retain the above copyright notice, this lis
      +                          t of
    36                           ;        conditions and the following disclaimer.
    37                           ; 
    38                           ;     2. Redistributions in binary form must reproduce the above copyright notice, this 
      +                          list
    39                           ;        of conditions and the following disclaimer in the documentation and/or other
    40                           ;        materials provided with the distribution.
    41                           ; 
    42                           ;     3. Microchip's name may not be used to endorse or promote products derived from th
      +                          is
    43                           ;        software without specific prior written permission.
    44                           ; 
    45                           ; THIS SOFTWARE IS PROVIDED BY MICROCHIP "AS IS" AND ANY EXPRESS OR IMPLIED WARRANTIES,
    46                           ; INCLUDING, BUT NOT LIMITED TO, THE IMPLIED WARRANTIES OF MERCHANTABILITY AND FITNESS F
      +                          OR
    47                           ; PURPOSE ARE DISCLAIMED.  IN NO EVENT SHALL MICROCHIP BE LIABLE FOR ANY DIRECT, INDIREC
      +                          T,
    48                           ; INCIDENTAL, SPECIAL, EXEMPLARY, OR CONSEQUENTIAL DAMAGES (INCLUDING BUT NOT LIMITED TO
    49                           ; PROCUREMENT OF SUBSTITUTE GOODS OR SERVICES; LOSS OF USE, DATA OR PROFITS; OR BUSINESS
    50                           ; INTERRUPTION) HOWSOEVER CAUSED AND ON ANY THEORY OF LIABILITY, WHETHER IN CONTRACT, ST
      +                          RICT
    51                           ; LIABILITY, OR TORT (INCLUDING NEGLIGENCE OR OTHERWISE) ARISING IN ANY WAY OUT OF THE U
      +                          SE OF
    52                           ; THIS SOFTWARE, EVEN IF ADVISED OF THE POSSIBILITY OF SUCH DAMAGE.
    53                           ; 
    54                           ; 
    55                           ; Code-generator required, PIC16F887 Definitions
    56                           ; 
    57                           ; SFR Addresses
    58  0000                     	;# 
    59  0001                     	;# 
    60  0002                     	;# 
    61  0003                     	;# 
    62  0004                     	;# 
    63  0005                     	;# 
    64  0006                     	;# 
    65  0007                     	;# 
    66  0008                     	;# 
    67  0009                     	;# 
    68  000A                     	;# 
    69  000B                     	;# 
    70  000C                     	;# 
    71  000D                     	;# 
    72  000E                     	;# 
    73  000E                     	;# 
    74  000F                     	;# 
    75  0010                     	;# 
    76  0011                     	;# 
    77  0012                     	;# 
    78  0013                     	;# 
    79  0014                     	;# 
    80  0015                     	;# 
    81  0015                     	;# 
    82  0016                     	;# 
    83  0017                     	;# 
    84  0018                     	;# 
    85  0019                     	;# 
    86  001A                     	;# 
    87  001B                     	;# 
    88  001B                     	;# 
    89  001C                     	;# 
    90  001D                     	;# 
    91  001E                     	;# 
    92  001F                     	;# 
    93  0081                     	;# 
    94  0085                     	;# 
    95  0086                     	;# 
    96  0087                     	;# 
    97  0088                     	;# 
    98  0089                     	;# 
    99  008C                     	;# 
   100  008D                     	;# 
   101  008E                     	;# 
   102  008F                     	;# 
   103  0090                     	;# 
   104  0091                     	;# 
   105  0092                     	;# 
   106  0093                     	;# 
   107  0093                     	;# 
   108  0093                     	;# 
   109  0094                     	;# 
   110  0095                     	;# 
   111  0096                     	;# 
   112  0097                     	;# 
   113  0098                     	;# 
   114  0099                     	;# 
   115  009A                     	;# 
   116  009B                     	;# 
   117  009C                     	;# 
   118  009D                     	;# 
   119  009E                     	;# 
   120  009F                     	;# 
   121  0105                     	;# 
   122  0107                     	;# 
   123  0108                     	;# 
   124  0109                     	;# 
   125  010C                     	;# 
   126  010C                     	;# 
   127  010D                     	;# 
   128  010E                     	;# 
   129  010F                     	;# 
   130  0185                     	;# 
   131  0187                     	;# 
   132  0188                     	;# 
   133  0189                     	;# 
   134  018C                     	;# 
   135  018D                     	;# 
   136  0000                     	;# 
   137  0001                     	;# 
   138  0002                     	;# 
   139  0003                     	;# 
   140  0004                     	;# 
   141  0005                     	;# 
   142  0006                     	;# 
   143  0007                     	;# 
   144  0008                     	;# 
   145  0009                     	;# 
   146  000A                     	;# 
   147  000B                     	;# 
   148  000C                     	;# 
   149  000D                     	;# 
   150  000E                     	;# 
   151  000E                     	;# 
   152  000F                     	;# 
   153  0010                     	;# 
   154  0011                     	;# 
   155  0012                     	;# 
   156  0013                     	;# 
   157  0014                     	;# 
   158  0015                     	;# 
   159  0015                     	;# 
   160  0016                     	;# 
   161  0017                     	;# 
   162  0018                     	;# 
   163  0019                     	;# 
   164  001A                     	;# 
   165  001B                     	;# 
   166  001B                     	;# 
   167  001C                     	;# 
   168  001D                     	;# 
   169  001E                     	;# 
   170  001F                     	;# 
   171  0081                     	;# 
   172  0085                     	;# 
   173  0086                     	;# 
   174  0087                     	;# 
   175  0088                     	;# 
   176  0089                     	;# 
   177  008C                     	;# 
   178  008D                     	;# 
   179  008E                     	;# 
   180  008F                     	;# 
   181  0090                     	;# 
   182  0091                     	;# 
   183  0092                     	;# 
   184  0093                     	;# 
   185  0093                     	;# 
   186  0093                     	;# 
   187  0094                     	;# 
   188  0095                     	;# 
   189  0096                     	;# 
   190  0097                     	;# 
   191  0098                     	;# 
   192  0099                     	;# 
   193  009A                     	;# 
   194  009B                     	;# 
   195  009C                     	;# 
   196  009D                     	;# 
   197  009E                     	;# 
   198  009F                     	;# 
   199  0105                     	;# 
   200  0107                     	;# 
   201  0108                     	;# 
   202  0109                     	;# 
   203  010C                     	;# 
   204  010C                     	;# 
   205  010D                     	;# 
   206  010E                     	;# 
   207  010F                     	;# 
   208  0185                     	;# 
   209  0187                     	;# 
   210  0188                     	;# 
   211  0189                     	;# 
   212  018C                     	;# 
   213  018D                     	;# 
   214  0000                     	;# 
   215  0001                     	;# 
   216  0002                     	;# 
   217  0003                     	;# 
   218  0004                     	;# 
   219  0005                     	;# 
   220  0006                     	;# 
   221  0007                     	;# 
   222  0008                     	;# 
   223  0009                     	;# 
   224  000A                     	;# 
   225  000B                     	;# 
   226  000C                     	;# 
   227  000D                     	;# 
   228  000E                     	;# 
   229  000E                     	;# 
   230  000F                     	;# 
   231  0010                     	;# 
   232  0011                     	;# 
   233  0012                     	;# 
   234  0013                     	;# 
   235  0014                     	;# 
   236  0015                     	;# 
   237  0015                     	;# 
   238  0016                     	;# 
   239  0017                     	;# 
   240  0018                     	;# 
   241  0019                     	;# 
   242  001A                     	;# 
   243  001B                     	;# 
   244  001B                     	;# 
   245  001C                     	;# 
   246  001D                     	;# 
   247  001E                     	;# 
   248  001F                     	;# 
   249  0081                     	;# 
   250  0085                     	;# 
   251  0086                     	;# 
   252  0087                     	;# 
   253  0088                     	;# 
   254  0089                     	;# 
   255  008C                     	;# 
   256  008D                     	;# 
   257  008E                     	;# 
   258  008F                     	;# 
   259  0090                     	;# 
   260  0091                     	;# 
   261  0092                     	;# 
   262  0093                     	;# 
   263  0093                     	;# 
   264  0093                     	;# 
   265  0094                     	;# 
   266  0095                     	;# 
   267  0096                     	;# 
   268  0097                     	;# 
   269  0098                     	;# 
   270  0099                     	;# 
   271  009A                     	;# 
   272  009B                     	;# 
   273  009C                     	;# 
   274  009D                     	;# 
   275  009E                     	;# 
   276  009F                     	;# 
   277  0105                     	;# 
   278  0107                     	;# 
   279  0108                     	;# 
   280  0109                     	;# 
   281  010C                     	;# 
   282  010C                     	;# 
   283  010D                     	;# 
   284  010E                     	;# 
   285  010F                     	;# 
   286  0185                     	;# 
   287  0187                     	;# 
   288  0188                     	;# 
   289  0189                     	;# 
   290  018C                     	;# 
   291  018D                     	;# 
   292  0000                     	;# 
   293  0001                     	;# 
   294  0002                     	;# 
   295  0003                     	;# 
   296  0004                     	;# 
   297  0005                     	;# 
   298  0006                     	;# 
   299  0007                     	;# 
   300  0008                     	;# 
   301  0009                     	;# 
   302  000A                     	;# 
   303  000B                     	;# 
   304  000C                     	;# 
   305  000D                     	;# 
   306  000E                     	;# 
   307  000E                     	;# 
   308  000F                     	;# 
   309  0010                     	;# 
   310  0011                     	;# 
   311  0012                     	;# 
   312  0013                     	;# 
   313  0014                     	;# 
   314  0015                     	;# 
   315  0015                     	;# 
   316  0016                     	;# 
   317  0017                     	;# 
   318  0018                     	;# 
   319  0019                     	;# 
   320  001A                     	;# 
   321  001B                     	;# 
   322  001B                     	;# 
   323  001C                     	;# 
   324  001D                     	;# 
   325  001E                     	;# 
   326  001F                     	;# 
   327  0081                     	;# 
   328  0085                     	;# 
   329  0086                     	;# 
   330  0087                     	;# 
   331  0088                     	;# 
   332  0089                     	;# 
   333  008C                     	;# 
   334  008D                     	;# 
   335  008E                     	;# 
   336  008F                     	;# 
   337  0090                     	;# 
   338  0091                     	;# 
   339  0092                     	;# 
   340  0093                     	;# 
   341  0093                     	;# 
   342  0093                     	;# 
   343  0094                     	;# 
   344  0095                     	;# 
   345  0096                     	;# 
   346  0097                     	;# 
   347  0098                     	;# 
   348  0099                     	;# 
   349  009A                     	;# 
   350  009B                     	;# 
   351  009C                     	;# 
   352  009D                     	;# 
   353  009E                     	;# 
   354  009F                     	;# 
   355  0105                     	;# 
   356  0107                     	;# 
   357  0108                     	;# 
   358  0109                     	;# 
   359  010C                     	;# 
   360  010C                     	;# 
   361  010D                     	;# 
   362  010E                     	;# 
   363  010F                     	;# 
   364  0185                     	;# 
   365  0187                     	;# 
   366  0188                     	;# 
   367  0189                     	;# 
   368  018C                     	;# 
   369  018D                     	;# 
   370  0013                     _SSPBUF	set	19
   371  0014                     _SSPCON	set	20
   372  000B                     _INTCONbits	set	11
   373  0008                     _PORTD	set	8
   374  0006                     _PORTB	set	6
   375  001F                     _ADCON0bits	set	31
   376  001E                     _ADRESH	set	30
   377  000C                     _PIR1bits	set	12
   378  009F                     _ADCON1bits	set	159
   379  0094                     _SSPSTATbits	set	148
   380  0094                     _SSPSTAT	set	148
   381  008C                     _PIE1bits	set	140
   382  008F                     _OSCCONbits	set	143
   383  0088                     _TRISD	set	136
   384  0086                     _TRISBbits	set	134
   385  0086                     _TRISB	set	134
   386  043C                     _TRISC4	set	1084
   387  042D                     _TRISA5	set	1069
   388  043B                     _TRISC3	set	1083
   389  043D                     _TRISC5	set	1085
   390  0189                     _ANSELHbits	set	393
   391  0189                     _ANSELH	set	393
   392  0188                     _ANSEL	set	392
   393                           
   394                           	psect	cinit
   395  000F                     start_initialization:	
   396                           ; #config settings
   397                           
   398  000F                     __initialization:
   399                           
   400                           ; Clear objects allocated to COMMON
   401  000F  01F8               	clrf	__pbssCOMMON& (0+127)
   402  0010  01F9               	clrf	(__pbssCOMMON+1)& (0+127)
   403  0011                     end_of_initialization:	
   404                           ;End of C runtime variable initialization code
   405                           
   406  0011                     __end_of__initialization:
   407  0011  0183               	clrf	3
   408  0012  120A  118A  288F   	ljmp	_main	;jump to C main() function
   409                           
   410                           	psect	bssCOMMON
   411  0078                     __pbssCOMMON:
   412  0078                     _trash:
   413  0078                     	ds	1
   414  0079                     _voltaje:
   415  0079                     	ds	1
   416                           
   417                           	psect	cstackCOMMON
   418  0070                     __pcstackCOMMON:
   419  0070                     ?_spiRead:
   420  0070                     ??_spiRead:	
   421                           ; 1 bytes @ 0x0
   422                           
   423  0070                     ?_spiWrite:	
   424                           ; 1 bytes @ 0x0
   425                           
   426  0070                     ??_spiWrite:	
   427                           ; 1 bytes @ 0x0
   428                           
   429  0070                     ?_setup:	
   430                           ; 1 bytes @ 0x0
   431                           
   432  0070                     ?_config_io:	
   433                           ; 1 bytes @ 0x0
   434                           
   435  0070                     ?_config_clock:	
   436                           ; 1 bytes @ 0x0
   437                           
   438  0070                     ?_config_ie:	
   439                           ; 1 bytes @ 0x0
   440                           
   441  0070                     ?_config_adc:	
   442                           ; 1 bytes @ 0x0
   443                           
   444  0070                     ?_con_ADC:	
   445                           ; 1 bytes @ 0x0
   446                           
   447  0070                     ?_isr:	
   448                           ; 1 bytes @ 0x0
   449                           
   450  0070                     ?_main:	
   451                           ; 1 bytes @ 0x0
   452                           
   453  0070                     ?_spiReceiveWait:	
   454                           ; 1 bytes @ 0x0
   455                           
   456  0070                     ??_spiReceiveWait:	
   457                           ; 1 bytes @ 0x0
   458                           
   459  0070                     spiWrite@dat:	
   460                           ; 1 bytes @ 0x0
   461                           
   462                           
   463                           ; 1 bytes @ 0x0
   464  0070                     	ds	1
   465  0071                     ??_isr:
   466                           
   467                           ; 1 bytes @ 0x1
   468  0071                     	ds	3
   469  0074                     ??_config_io:
   470  0074                     ??_config_clock:	
   471                           ; 1 bytes @ 0x4
   472                           
   473  0074                     ??_config_ie:	
   474                           ; 1 bytes @ 0x4
   475                           
   476  0074                     ?_spiInit:	
   477                           ; 1 bytes @ 0x4
   478                           
   479  0074                     ??_con_ADC:	
   480                           ; 1 bytes @ 0x4
   481                           
   482  0074                     spiInit@sDataSample:	
   483                           ; 1 bytes @ 0x4
   484                           
   485  0074                     con_ADC@ADC_valor:	
   486                           ; 1 bytes @ 0x4
   487                           
   488                           
   489                           ; 1 bytes @ 0x4
   490  0074                     	ds	1
   491  0075                     ??_config_adc:
   492  0075                     spiInit@sClockIdle:	
   493                           ; 1 bytes @ 0x5
   494                           
   495                           
   496                           ; 1 bytes @ 0x5
   497  0075                     	ds	1
   498  0076                     spiInit@sTransmitEdge:
   499                           
   500                           ; 1 bytes @ 0x6
   501  0076                     	ds	1
   502  0077                     ??_spiInit:
   503  0077                     spiInit@sType:	
   504                           ; 1 bytes @ 0x7
   505                           
   506                           
   507                           ; 1 bytes @ 0x7
   508  0077                     	ds	1
   509  0078                     ??_setup:
   510                           
   511                           	psect	cstackBANK0
   512  0020                     __pcstackBANK0:	
   513                           ; 1 bytes @ 0x8
   514                           
   515  0020                     ??_main:
   516                           
   517                           ; 1 bytes @ 0x0
   518  0020                     	ds	1
   519                           
   520                           	psect	maintext
   521  008F                     __pmaintext:	
   522 ;;
   523 ;;Main: autosize = 0, tempsize = 1, incstack = 0, save=0
   524 ;;
   525 ;; *************** function _main *****************
   526 ;; Defined at:
   527 ;;		line 86 in file "adc_main.c"
   528 ;; Parameters:    Size  Location     Type
   529 ;;		None
   530 ;; Auto vars:     Size  Location     Type
   531 ;;		None
   532 ;; Return value:  Size  Location     Type
   533 ;;                  1    wreg      void 
   534 ;; Registers used:
   535 ;;		wreg, status,2, status,0, pclath, cstack
   536 ;; Tracked objects:
   537 ;;		On entry : B00/0
   538 ;;		On exit  : 0/0
   539 ;;		Unchanged: 0/0
   540 ;; Data sizes:     COMMON   BANK0   BANK1   BANK3   BANK2
   541 ;;      Params:         0       0       0       0       0
   542 ;;      Locals:         0       0       0       0       0
   543 ;;      Temps:          0       1       0       0       0
   544 ;;      Totals:         0       1       0       0       0
   545 ;;Total ram usage:        1 bytes
   546 ;; Hardware stack levels required when called: 6
   547 ;; This function calls:
   548 ;;		_setup
   549 ;; This function is called by:
   550 ;;		Startup code after reset
   551 ;; This function uses a non-reentrant model
   552 ;;
   553                           
   554                           
   555                           ;psect for function _main
   556  008F                     _main:
   557  008F                     l851:	
   558                           ;incstack = 0
   559                           ; Regs used in _main: [wreg+status,2+status,0+pclath+cstack]
   560                           
   561                           
   562                           ;adc_main.c: 87:     setup();
   563  008F  120A  118A  2071  120A  118A  	fcall	_setup
   564  0094                     l853:
   565                           
   566                           ;adc_main.c: 88:     ADCON0bits.GO = 1;
   567  0094  1283               	bcf	3,5	;RP0=0, select bank0
   568  0095  1303               	bcf	3,6	;RP1=0, select bank0
   569  0096  149F               	bsf	31,1	;volatile
   570  0097                     l855:
   571                           
   572                           ;adc_main.c: 91:         if (ADCON0bits.GO == 0){
   573  0097  189F               	btfsc	31,1	;volatile
   574  0098  289A               	goto	u111
   575  0099  289B               	goto	u110
   576  009A                     u111:
   577  009A  2897               	goto	l855
   578  009B                     u110:
   579  009B                     l857:
   580                           
   581                           ;adc_main.c: 92:             _delay((unsigned long)((50)*(4000000/4000000.0)));
   582  009B  300F               	movlw	15
   583  009C  1283               	bcf	3,5	;RP0=0, select bank0
   584  009D  1303               	bcf	3,6	;RP1=0, select bank0
   585  009E  00A0               	movwf	??_main
   586  009F                     u127:
   587  009F  0BA0               	decfsz	??_main,f
   588  00A0  289F               	goto	u127
   589  00A1  28A2               	nop2
   590  00A2                     l859:
   591                           
   592                           ;adc_main.c: 93:             ADCON0bits.GO = 1;
   593  00A2  1283               	bcf	3,5	;RP0=0, select bank0
   594  00A3  1303               	bcf	3,6	;RP1=0, select bank0
   595  00A4  149F               	bsf	31,1	;volatile
   596  00A5  2897               	goto	l855
   597  00A6  120A  118A  280C   	ljmp	start
   598  00A9                     __end_of_main:
   599                           
   600                           	psect	text1
   601  0071                     __ptext1:	
   602 ;; *************** function _setup *****************
   603 ;; Defined at:
   604 ;;		line 105 in file "adc_main.c"
   605 ;; Parameters:    Size  Location     Type
   606 ;;		None
   607 ;; Auto vars:     Size  Location     Type
   608 ;;		None
   609 ;; Return value:  Size  Location     Type
   610 ;;                  1    wreg      void 
   611 ;; Registers used:
   612 ;;		wreg, status,2, status,0, pclath, cstack
   613 ;; Tracked objects:
   614 ;;		On entry : 0/0
   615 ;;		On exit  : 0/0
   616 ;;		Unchanged: 0/0
   617 ;; Data sizes:     COMMON   BANK0   BANK1   BANK3   BANK2
   618 ;;      Params:         0       0       0       0       0
   619 ;;      Locals:         0       0       0       0       0
   620 ;;      Temps:          0       0       0       0       0
   621 ;;      Totals:         0       0       0       0       0
   622 ;;Total ram usage:        0 bytes
   623 ;; Hardware stack levels used: 1
   624 ;; Hardware stack levels required when called: 5
   625 ;; This function calls:
   626 ;;		_config_adc
   627 ;;		_config_clock
   628 ;;		_config_ie
   629 ;;		_config_io
   630 ;;		_spiInit
   631 ;; This function is called by:
   632 ;;		_main
   633 ;; This function uses a non-reentrant model
   634 ;;
   635                           
   636                           
   637                           ;psect for function _setup
   638  0071                     _setup:
   639  0071                     l835:	
   640                           ;incstack = 0
   641                           ; Regs used in _setup: [wreg+status,2+status,0+pclath+cstack]
   642                           
   643                           
   644                           ;adc_main.c: 106:     config_io();
   645  0071  120A  118A  20D6  120A  118A  	fcall	_config_io
   646  0076                     l837:
   647                           
   648                           ;adc_main.c: 107:     config_clock();
   649  0076  120A  118A  20EE  120A  118A  	fcall	_config_clock
   650  007B                     l839:
   651                           
   652                           ;adc_main.c: 108:     config_ie();
   653  007B  120A  118A  20F6  120A  118A  	fcall	_config_ie
   654                           
   655                           ;adc_main.c: 109:     config_adc();
   656  0080  120A  118A  20C1  120A  118A  	fcall	_config_adc
   657                           
   658                           ;adc_main.c: 112:     spiInit(SPI_SLAVE_SS_EN, SPI_DATA_SAMPLE_MIDDLE, SPI_CLOCK_IDLE_LO
      +                          W, SPI_IDLE_2_ACTIVE);
   659  0085  01F4               	clrf	spiInit@sDataSample
   660  0086  01F5               	clrf	spiInit@sClockIdle
   661  0087  01F6               	clrf	spiInit@sTransmitEdge
   662  0088  3024               	movlw	36
   663  0089  120A  118A  20A9  120A  118A  	fcall	_spiInit
   664  008E                     l71:
   665  008E  0008               	return
   666  008F                     __end_of_setup:
   667                           
   668                           	psect	text2
   669  00A9                     __ptext2:	
   670 ;; *************** function _spiInit *****************
   671 ;; Defined at:
   672 ;;		line 12 in file "SPI.c"
   673 ;; Parameters:    Size  Location     Type
   674 ;;  sType           1    wreg     enum E1264
   675 ;;  sDataSample     1    4[COMMON] enum E1272
   676 ;;  sClockIdle      1    5[COMMON] enum E1276
   677 ;;  sTransmitEdg    1    6[COMMON] enum E1280
   678 ;; Auto vars:     Size  Location     Type
   679 ;;  sType           1    7[COMMON] enum E1264
   680 ;; Return value:  Size  Location     Type
   681 ;;                  1    wreg      void 
   682 ;; Registers used:
   683 ;;		wreg, status,2, status,0
   684 ;; Tracked objects:
   685 ;;		On entry : 0/0
   686 ;;		On exit  : 0/0
   687 ;;		Unchanged: 0/0
   688 ;; Data sizes:     COMMON   BANK0   BANK1   BANK3   BANK2
   689 ;;      Params:         3       0       0       0       0
   690 ;;      Locals:         1       0       0       0       0
   691 ;;      Temps:          0       0       0       0       0
   692 ;;      Totals:         4       0       0       0       0
   693 ;;Total ram usage:        4 bytes
   694 ;; Hardware stack levels used: 1
   695 ;; Hardware stack levels required when called: 3
   696 ;; This function calls:
   697 ;;		Nothing
   698 ;; This function is called by:
   699 ;;		_setup
   700 ;; This function uses a non-reentrant model
   701 ;;
   702                           
   703                           
   704                           ;psect for function _spiInit
   705  00A9                     _spiInit:
   706                           
   707                           ;incstack = 0
   708                           ; Regs used in _spiInit: [wreg+status,2+status,0]
   709                           ;spiInit@sType stored from wreg
   710  00A9  00F7               	movwf	spiInit@sType
   711  00AA                     l821:
   712                           
   713                           ;SPI.c: 12: void spiInit(Spi_Type sType, Spi_Data_Sample sDataSample, Spi_Clock_Idle sCl
      +                          ockIdle, Spi_Transmit_Edge sTransmitEdge);SPI.c: 13: {;SPI.c: 14:     TRISC5 = 0;
   714  00AA  1683               	bsf	3,5	;RP0=1, select bank1
   715  00AB  1303               	bcf	3,6	;RP1=0, select bank1
   716  00AC  1287               	bcf	7,5	;volatile
   717                           
   718                           ;SPI.c: 15:     if(sType & 0b00000100)
   719  00AD  1D77               	btfss	spiInit@sType,2
   720  00AE  28B0               	goto	u91
   721  00AF  28B1               	goto	u90
   722  00B0                     u91:
   723  00B0  28B6               	goto	l829
   724  00B1                     u90:
   725  00B1                     l823:
   726                           
   727                           ;SPI.c: 16:     {;SPI.c: 17:         SSPSTAT = sTransmitEdge;
   728  00B1  0876               	movf	spiInit@sTransmitEdge,w
   729  00B2  0094               	movwf	20	;volatile
   730  00B3                     l825:
   731                           
   732                           ;SPI.c: 18:         TRISC3 = 1;
   733  00B3  1587               	bsf	7,3	;volatile
   734  00B4                     l827:
   735                           
   736                           ;SPI.c: 19:         TRISA5 = 1;
   737  00B4  1685               	bsf	5,5	;volatile
   738                           
   739                           ;SPI.c: 20:     }
   740  00B5  28BA               	goto	l833
   741  00B6                     l829:
   742                           
   743                           ;SPI.c: 22:     {;SPI.c: 23:         SSPSTAT = sDataSample | sTransmitEdge;
   744  00B6  0874               	movf	spiInit@sDataSample,w
   745  00B7  0476               	iorwf	spiInit@sTransmitEdge,w
   746  00B8  0094               	movwf	20	;volatile
   747  00B9                     l831:
   748                           
   749                           ;SPI.c: 24:         TRISC3 = 0;
   750  00B9  1187               	bcf	7,3	;volatile
   751  00BA                     l833:
   752                           
   753                           ;SPI.c: 26:     TRISC4 = 1;
   754  00BA  1607               	bsf	7,4	;volatile
   755                           
   756                           ;SPI.c: 27:     SSPCON = sType | sClockIdle;
   757  00BB  0877               	movf	spiInit@sType,w
   758  00BC  0475               	iorwf	spiInit@sClockIdle,w
   759  00BD  1283               	bcf	3,5	;RP0=0, select bank0
   760  00BE  1303               	bcf	3,6	;RP1=0, select bank0
   761  00BF  0094               	movwf	20	;volatile
   762  00C0                     l104:
   763  00C0  0008               	return
   764  00C1                     __end_of_spiInit:
   765                           
   766                           	psect	text3
   767  00D6                     __ptext3:	
   768 ;; *************** function _config_io *****************
   769 ;; Defined at:
   770 ;;		line 115 in file "adc_main.c"
   771 ;; Parameters:    Size  Location     Type
   772 ;;		None
   773 ;; Auto vars:     Size  Location     Type
   774 ;;		None
   775 ;; Return value:  Size  Location     Type
   776 ;;                  1    wreg      void 
   777 ;; Registers used:
   778 ;;		status,2
   779 ;; Tracked objects:
   780 ;;		On entry : 0/0
   781 ;;		On exit  : 0/0
   782 ;;		Unchanged: 0/0
   783 ;; Data sizes:     COMMON   BANK0   BANK1   BANK3   BANK2
   784 ;;      Params:         0       0       0       0       0
   785 ;;      Locals:         0       0       0       0       0
   786 ;;      Temps:          0       0       0       0       0
   787 ;;      Totals:         0       0       0       0       0
   788 ;;Total ram usage:        0 bytes
   789 ;; Hardware stack levels used: 1
   790 ;; Hardware stack levels required when called: 3
   791 ;; This function calls:
   792 ;;		Nothing
   793 ;; This function is called by:
   794 ;;		_setup
   795 ;; This function uses a non-reentrant model
   796 ;;
   797                           
   798                           
   799                           ;psect for function _config_io
   800  00D6                     _config_io:
   801  00D6                     l743:	
   802                           ;incstack = 0
   803                           ; Regs used in _config_io: [status,2]
   804                           
   805                           
   806                           ;adc_main.c: 116:     ANSEL = 0;
   807  00D6  1683               	bsf	3,5	;RP0=1, select bank3
   808  00D7  1703               	bsf	3,6	;RP1=1, select bank3
   809  00D8  0188               	clrf	8	;volatile
   810                           
   811                           ;adc_main.c: 117:     ANSELH = 0;
   812  00D9  0189               	clrf	9	;volatile
   813  00DA                     l745:
   814                           
   815                           ;adc_main.c: 118:     ANSELHbits.ANS13 = 1;
   816  00DA  1689               	bsf	9,5	;volatile
   817                           
   818                           ;adc_main.c: 120:     TRISB = 0;
   819  00DB  1683               	bsf	3,5	;RP0=1, select bank1
   820  00DC  1303               	bcf	3,6	;RP1=0, select bank1
   821  00DD  0186               	clrf	6	;volatile
   822  00DE                     l747:
   823                           
   824                           ;adc_main.c: 121:     TRISBbits.TRISB5 = 1;
   825  00DE  1686               	bsf	6,5	;volatile
   826                           
   827                           ;adc_main.c: 122:     TRISD = 0;
   828  00DF  0188               	clrf	8	;volatile
   829                           
   830                           ;adc_main.c: 124:     PORTB = 0;
   831  00E0  1283               	bcf	3,5	;RP0=0, select bank0
   832  00E1  1303               	bcf	3,6	;RP1=0, select bank0
   833  00E2  0186               	clrf	6	;volatile
   834                           
   835                           ;adc_main.c: 125:     PORTD = 0;
   836  00E3  0188               	clrf	8	;volatile
   837  00E4                     l74:
   838  00E4  0008               	return
   839  00E5                     __end_of_config_io:
   840                           
   841                           	psect	text4
   842  00F6                     __ptext4:	
   843 ;; *************** function _config_ie *****************
   844 ;; Defined at:
   845 ;;		line 133 in file "adc_main.c"
   846 ;; Parameters:    Size  Location     Type
   847 ;;		None
   848 ;; Auto vars:     Size  Location     Type
   849 ;;		None
   850 ;; Return value:  Size  Location     Type
   851 ;;                  1    wreg      void 
   852 ;; Registers used:
   853 ;;		None
   854 ;; Tracked objects:
   855 ;;		On entry : 0/0
   856 ;;		On exit  : 0/0
   857 ;;		Unchanged: 0/0
   858 ;; Data sizes:     COMMON   BANK0   BANK1   BANK3   BANK2
   859 ;;      Params:         0       0       0       0       0
   860 ;;      Locals:         0       0       0       0       0
   861 ;;      Temps:          0       0       0       0       0
   862 ;;      Totals:         0       0       0       0       0
   863 ;;Total ram usage:        0 bytes
   864 ;; Hardware stack levels used: 1
   865 ;; Hardware stack levels required when called: 3
   866 ;; This function calls:
   867 ;;		Nothing
   868 ;; This function is called by:
   869 ;;		_setup
   870 ;; This function uses a non-reentrant model
   871 ;;
   872                           
   873                           
   874                           ;psect for function _config_ie
   875  00F6                     _config_ie:
   876  00F6                     l753:	
   877                           ;incstack = 0
   878                           ; Regs used in _config_ie: []
   879                           
   880                           
   881                           ;adc_main.c: 134:     INTCONbits.GIE = 1;
   882  00F6  178B               	bsf	11,7	;volatile
   883                           
   884                           ;adc_main.c: 135:     INTCONbits.PEIE = 1;
   885  00F7  170B               	bsf	11,6	;volatile
   886                           
   887                           ;adc_main.c: 138:     PIE1bits.ADIE = 1;
   888  00F8  1683               	bsf	3,5	;RP0=1, select bank1
   889  00F9  1303               	bcf	3,6	;RP1=0, select bank1
   890  00FA  170C               	bsf	12,6	;volatile
   891                           
   892                           ;adc_main.c: 139:     PIE1bits.SSPIE = 1;
   893  00FB  158C               	bsf	12,3	;volatile
   894  00FC                     l80:
   895  00FC  0008               	return
   896  00FD                     __end_of_config_ie:
   897                           
   898                           	psect	text5
   899  00EE                     __ptext5:	
   900 ;; *************** function _config_clock *****************
   901 ;; Defined at:
   902 ;;		line 128 in file "adc_main.c"
   903 ;; Parameters:    Size  Location     Type
   904 ;;		None
   905 ;; Auto vars:     Size  Location     Type
   906 ;;		None
   907 ;; Return value:  Size  Location     Type
   908 ;;                  1    wreg      void 
   909 ;; Registers used:
   910 ;;		wreg, status,2, status,0
   911 ;; Tracked objects:
   912 ;;		On entry : 0/0
   913 ;;		On exit  : 0/0
   914 ;;		Unchanged: 0/0
   915 ;; Data sizes:     COMMON   BANK0   BANK1   BANK3   BANK2
   916 ;;      Params:         0       0       0       0       0
   917 ;;      Locals:         0       0       0       0       0
   918 ;;      Temps:          0       0       0       0       0
   919 ;;      Totals:         0       0       0       0       0
   920 ;;Total ram usage:        0 bytes
   921 ;; Hardware stack levels used: 1
   922 ;; Hardware stack levels required when called: 3
   923 ;; This function calls:
   924 ;;		Nothing
   925 ;; This function is called by:
   926 ;;		_setup
   927 ;; This function uses a non-reentrant model
   928 ;;
   929                           
   930                           
   931                           ;psect for function _config_clock
   932  00EE                     _config_clock:
   933  00EE                     l749:	
   934                           ;incstack = 0
   935                           ; Regs used in _config_clock: [wreg+status,2+status,0]
   936                           
   937                           
   938                           ;adc_main.c: 129:     OSCCONbits.IRCF = 0b110;
   939  00EE  1683               	bsf	3,5	;RP0=1, select bank1
   940  00EF  1303               	bcf	3,6	;RP1=0, select bank1
   941  00F0  080F               	movf	15,w	;volatile
   942  00F1  398F               	andlw	-113
   943  00F2  3860               	iorlw	96
   944  00F3  008F               	movwf	15	;volatile
   945  00F4                     l751:
   946                           
   947                           ;adc_main.c: 130:     OSCCONbits.SCS = 1;
   948  00F4  140F               	bsf	15,0	;volatile
   949  00F5                     l77:
   950  00F5  0008               	return
   951  00F6                     __end_of_config_clock:
   952                           
   953                           	psect	text6
   954  00C1                     __ptext6:	
   955 ;; *************** function _config_adc *****************
   956 ;; Defined at:
   957 ;;		line 142 in file "adc_main.c"
   958 ;; Parameters:    Size  Location     Type
   959 ;;		None
   960 ;; Auto vars:     Size  Location     Type
   961 ;;		None
   962 ;; Return value:  Size  Location     Type
   963 ;;                  1    wreg      void 
   964 ;; Registers used:
   965 ;;		wreg, status,2, status,0, pclath, cstack
   966 ;; Tracked objects:
   967 ;;		On entry : 0/0
   968 ;;		On exit  : 0/0
   969 ;;		Unchanged: 0/0
   970 ;; Data sizes:     COMMON   BANK0   BANK1   BANK3   BANK2
   971 ;;      Params:         0       0       0       0       0
   972 ;;      Locals:         0       0       0       0       0
   973 ;;      Temps:          1       0       0       0       0
   974 ;;      Totals:         1       0       0       0       0
   975 ;;Total ram usage:        1 bytes
   976 ;; Hardware stack levels used: 1
   977 ;; Hardware stack levels required when called: 4
   978 ;; This function calls:
   979 ;;		_con_ADC
   980 ;; This function is called by:
   981 ;;		_setup
   982 ;; This function uses a non-reentrant model
   983 ;;
   984                           
   985                           
   986                           ;psect for function _config_adc
   987  00C1                     _config_adc:
   988  00C1                     l755:	
   989                           ;incstack = 0
   990                           ; Regs used in _config_adc: [wreg+status,2+status,0+pclath+cstack]
   991                           
   992                           
   993                           ;adc_main.c: 143:     con_ADC (2);
   994  00C1  3002               	movlw	2
   995  00C2  120A  118A  2015  120A  118A  	fcall	_con_ADC
   996  00C7                     l757:
   997                           
   998                           ;adc_main.c: 144:     ADCON0bits.CHS = 13;
   999  00C7  1283               	bcf	3,5	;RP0=0, select bank0
  1000  00C8  1303               	bcf	3,6	;RP1=0, select bank0
  1001  00C9  081F               	movf	31,w	;volatile
  1002  00CA  39C3               	andlw	-61
  1003  00CB  3834               	iorlw	52
  1004  00CC  009F               	movwf	31	;volatile
  1005  00CD                     l759:
  1006                           
  1007                           ;adc_main.c: 145:     _delay((unsigned long)((50)*(4000000/4000000.0)));
  1008  00CD  3010               	movlw	16
  1009  00CE  00F5               	movwf	??_config_adc
  1010  00CF                     u137:
  1011  00CF  0BF5               	decfsz	??_config_adc,f
  1012  00D0  28CF               	goto	u137
  1013  00D1  0000               	nop
  1014  00D2                     l761:
  1015                           
  1016                           ;adc_main.c: 146:     PIR1bits.ADIF = 0;
  1017  00D2  1283               	bcf	3,5	;RP0=0, select bank0
  1018  00D3  1303               	bcf	3,6	;RP1=0, select bank0
  1019  00D4  130C               	bcf	12,6	;volatile
  1020  00D5                     l83:
  1021  00D5  0008               	return
  1022  00D6                     __end_of_config_adc:
  1023                           
  1024                           	psect	text7
  1025  0015                     __ptext7:	
  1026 ;; *************** function _con_ADC *****************
  1027 ;; Defined at:
  1028 ;;		line 3 in file "ADC.c"
  1029 ;; Parameters:    Size  Location     Type
  1030 ;;  ADC_valor       1    wreg     unsigned char 
  1031 ;; Auto vars:     Size  Location     Type
  1032 ;;  ADC_valor       1    4[COMMON] unsigned char 
  1033 ;; Return value:  Size  Location     Type
  1034 ;;                  1    wreg      void 
  1035 ;; Registers used:
  1036 ;;		wreg, status,2, status,0
  1037 ;; Tracked objects:
  1038 ;;		On entry : 0/0
  1039 ;;		On exit  : 0/0
  1040 ;;		Unchanged: 0/0
  1041 ;; Data sizes:     COMMON   BANK0   BANK1   BANK3   BANK2
  1042 ;;      Params:         0       0       0       0       0
  1043 ;;      Locals:         1       0       0       0       0
  1044 ;;      Temps:          0       0       0       0       0
  1045 ;;      Totals:         1       0       0       0       0
  1046 ;;Total ram usage:        1 bytes
  1047 ;; Hardware stack levels used: 1
  1048 ;; Hardware stack levels required when called: 3
  1049 ;; This function calls:
  1050 ;;		Nothing
  1051 ;; This function is called by:
  1052 ;;		_config_adc
  1053 ;; This function uses a non-reentrant model
  1054 ;;
  1055                           
  1056                           
  1057                           ;psect for function _con_ADC
  1058  0015                     _con_ADC:
  1059                           
  1060                           ;incstack = 0
  1061                           ; Regs used in _con_ADC: [wreg+status,2+status,0]
  1062                           ;con_ADC@ADC_valor stored from wreg
  1063  0015  00F4               	movwf	con_ADC@ADC_valor
  1064  0016                     l723:
  1065                           
  1066                           ;ADC.c: 4:     if (ADC_valor == 1){
  1067  0016  0374               	decf	con_ADC@ADC_valor,w
  1068  0017  1D03               	btfss	3,2
  1069  0018  281A               	goto	u11
  1070  0019  281B               	goto	u10
  1071  001A                     u11:
  1072  001A  2825               	goto	l128
  1073  001B                     u10:
  1074  001B                     l725:
  1075                           
  1076                           ;ADC.c: 5:         ADCON1bits.ADFM = 0;
  1077  001B  1683               	bsf	3,5	;RP0=1, select bank1
  1078  001C  1303               	bcf	3,6	;RP1=0, select bank1
  1079  001D  139F               	bcf	31,7	;volatile
  1080                           
  1081                           ;ADC.c: 6:         ADCON1bits.VCFG0 = 0;
  1082  001E  121F               	bcf	31,4	;volatile
  1083                           
  1084                           ;ADC.c: 7:         ADCON1bits.VCFG1 = 0;
  1085  001F  129F               	bcf	31,5	;volatile
  1086  0020                     l727:
  1087                           
  1088                           ;ADC.c: 9:         ADCON0bits.ADCS = 0b00;
  1089  0020  303F               	movlw	-193
  1090  0021  1283               	bcf	3,5	;RP0=0, select bank0
  1091  0022  1303               	bcf	3,6	;RP1=0, select bank0
  1092  0023  059F               	andwf	31,f	;volatile
  1093  0024                     l729:
  1094                           
  1095                           ;ADC.c: 10:         ADCON0bits.ADON = 1;
  1096  0024  141F               	bsf	31,0	;volatile
  1097  0025                     l128:	
  1098                           ;ADC.c: 11:     }
  1099                           
  1100                           
  1101                           ;ADC.c: 13:     if (ADC_valor == 2){
  1102  0025  3002               	movlw	2
  1103  0026  0674               	xorwf	con_ADC@ADC_valor,w
  1104  0027  1D03               	btfss	3,2
  1105  0028  282A               	goto	u21
  1106  0029  282B               	goto	u20
  1107  002A                     u21:
  1108  002A  2837               	goto	l129
  1109  002B                     u20:
  1110  002B                     l731:
  1111                           
  1112                           ;ADC.c: 14:         ADCON1bits.ADFM = 0;
  1113  002B  1683               	bsf	3,5	;RP0=1, select bank1
  1114  002C  1303               	bcf	3,6	;RP1=0, select bank1
  1115  002D  139F               	bcf	31,7	;volatile
  1116                           
  1117                           ;ADC.c: 15:         ADCON1bits.VCFG0 = 0;
  1118  002E  121F               	bcf	31,4	;volatile
  1119                           
  1120                           ;ADC.c: 16:         ADCON1bits.VCFG1 = 0;
  1121  002F  129F               	bcf	31,5	;volatile
  1122  0030                     l733:
  1123                           
  1124                           ;ADC.c: 18:         ADCON0bits.ADCS = 0b01;
  1125  0030  1283               	bcf	3,5	;RP0=0, select bank0
  1126  0031  1303               	bcf	3,6	;RP1=0, select bank0
  1127  0032  081F               	movf	31,w	;volatile
  1128  0033  393F               	andlw	-193
  1129  0034  3840               	iorlw	64
  1130  0035  009F               	movwf	31	;volatile
  1131  0036                     l735:
  1132                           
  1133                           ;ADC.c: 19:         ADCON0bits.ADON = 1;
  1134  0036  141F               	bsf	31,0	;volatile
  1135  0037                     l129:	
  1136                           ;ADC.c: 20:     }
  1137                           
  1138                           
  1139                           ;ADC.c: 22:     if (ADC_valor == 3){
  1140  0037  3003               	movlw	3
  1141  0038  0674               	xorwf	con_ADC@ADC_valor,w
  1142  0039  1D03               	btfss	3,2
  1143  003A  283C               	goto	u31
  1144  003B  283D               	goto	u30
  1145  003C                     u31:
  1146  003C  2849               	goto	l131
  1147  003D                     u30:
  1148  003D                     l737:
  1149                           
  1150                           ;ADC.c: 23:         ADCON1bits.ADFM = 0;
  1151  003D  1683               	bsf	3,5	;RP0=1, select bank1
  1152  003E  1303               	bcf	3,6	;RP1=0, select bank1
  1153  003F  139F               	bcf	31,7	;volatile
  1154                           
  1155                           ;ADC.c: 24:         ADCON1bits.VCFG0 = 0;
  1156  0040  121F               	bcf	31,4	;volatile
  1157                           
  1158                           ;ADC.c: 25:         ADCON1bits.VCFG1 = 0;
  1159  0041  129F               	bcf	31,5	;volatile
  1160  0042                     l739:
  1161                           
  1162                           ;ADC.c: 27:         ADCON0bits.ADCS = 0b10;
  1163  0042  1283               	bcf	3,5	;RP0=0, select bank0
  1164  0043  1303               	bcf	3,6	;RP1=0, select bank0
  1165  0044  081F               	movf	31,w	;volatile
  1166  0045  393F               	andlw	-193
  1167  0046  3880               	iorlw	128
  1168  0047  009F               	movwf	31	;volatile
  1169  0048                     l741:
  1170                           
  1171                           ;ADC.c: 28:         ADCON0bits.ADON = 1;
  1172  0048  141F               	bsf	31,0	;volatile
  1173  0049                     l131:
  1174  0049  0008               	return
  1175  004A                     __end_of_con_ADC:
  1176                           
  1177                           	psect	text8
  1178  004A                     __ptext8:	
  1179 ;; *************** function _isr *****************
  1180 ;; Defined at:
  1181 ;;		line 67 in file "adc_main.c"
  1182 ;; Parameters:    Size  Location     Type
  1183 ;;		None
  1184 ;; Auto vars:     Size  Location     Type
  1185 ;;		None
  1186 ;; Return value:  Size  Location     Type
  1187 ;;                  1    wreg      void 
  1188 ;; Registers used:
  1189 ;;		wreg, status,2, status,0, pclath, cstack
  1190 ;; Tracked objects:
  1191 ;;		On entry : 0/0
  1192 ;;		On exit  : 0/0
  1193 ;;		Unchanged: 0/0
  1194 ;; Data sizes:     COMMON   BANK0   BANK1   BANK3   BANK2
  1195 ;;      Params:         0       0       0       0       0
  1196 ;;      Locals:         0       0       0       0       0
  1197 ;;      Temps:          3       0       0       0       0
  1198 ;;      Totals:         3       0       0       0       0
  1199 ;;Total ram usage:        3 bytes
  1200 ;; Hardware stack levels used: 1
  1201 ;; Hardware stack levels required when called: 2
  1202 ;; This function calls:
  1203 ;;		_spiRead
  1204 ;;		_spiWrite
  1205 ;; This function is called by:
  1206 ;;		Interrupt level 1
  1207 ;; This function uses a non-reentrant model
  1208 ;;
  1209                           
  1210                           
  1211                           ;psect for function _isr
  1212  004A                     _isr:
  1213  004A                     i1l793:
  1214                           
  1215                           ;adc_main.c: 68:     if (PIR1bits.SSPIF){
  1216  004A  1283               	bcf	3,5	;RP0=0, select bank0
  1217  004B  1303               	bcf	3,6	;RP1=0, select bank0
  1218  004C  1D8C               	btfss	12,3	;volatile
  1219  004D  284F               	goto	u6_21
  1220  004E  2850               	goto	u6_20
  1221  004F                     u6_21:
  1222  004F  2861               	goto	i1l799
  1223  0050                     u6_20:
  1224  0050                     i1l795:
  1225                           
  1226                           ;adc_main.c: 69:         trash = spiRead();
  1227  0050  120A  118A  20E5  120A  118A  	fcall	_spiRead
  1228  0055  00F1               	movwf	??_isr
  1229  0056  0871               	movf	??_isr,w
  1230  0057  00F8               	movwf	_trash
  1231                           
  1232                           ;adc_main.c: 70:         spiWrite(voltaje);
  1233  0058  0879               	movf	_voltaje,w
  1234  0059  120A  118A  2104  120A  118A  	fcall	_spiWrite
  1235  005E                     i1l797:
  1236                           
  1237                           ;adc_main.c: 71:         PIR1bits.SSPIF = 0;
  1238  005E  1283               	bcf	3,5	;RP0=0, select bank0
  1239  005F  1303               	bcf	3,6	;RP1=0, select bank0
  1240  0060  118C               	bcf	12,3	;volatile
  1241  0061                     i1l799:
  1242                           
  1243                           ;adc_main.c: 74:     if (PIR1bits.ADIF){
  1244  0061  1F0C               	btfss	12,6	;volatile
  1245  0062  2864               	goto	u7_21
  1246  0063  2865               	goto	u7_20
  1247  0064                     u7_21:
  1248  0064  286A               	goto	i1l59
  1249  0065                     u7_20:
  1250  0065                     i1l801:
  1251                           
  1252                           ;adc_main.c: 75:         voltaje = ADRESH;
  1253  0065  081E               	movf	30,w	;volatile
  1254  0066  00F1               	movwf	??_isr
  1255  0067  0871               	movf	??_isr,w
  1256  0068  00F9               	movwf	_voltaje
  1257  0069                     i1l803:
  1258                           
  1259                           ;adc_main.c: 77:         PIR1bits.ADIF = 0;
  1260  0069  130C               	bcf	12,6	;volatile
  1261  006A                     i1l59:
  1262  006A  0873               	movf	??_isr+2,w
  1263  006B  008A               	movwf	10
  1264  006C  0E72               	swapf	??_isr+1,w
  1265  006D  0083               	movwf	3
  1266  006E  0EFE               	swapf	btemp,f
  1267  006F  0E7E               	swapf	btemp,w
  1268  0070  0009               	retfie
  1269  0071                     __end_of_isr:
  1270                           
  1271                           	psect	intentry
  1272  0004                     __pintentry:	
  1273                           ;incstack = 0
  1274                           ; Regs used in _isr: [wreg+status,2+status,0+pclath+cstack]
  1275                           
  1276  0004                     interrupt_function:
  1277  007E                     saved_w	set	btemp
  1278  0004  00FE               	movwf	btemp
  1279  0005  0E03               	swapf	3,w
  1280  0006  00F2               	movwf	??_isr+1
  1281  0007  080A               	movf	10,w
  1282  0008  00F3               	movwf	??_isr+2
  1283  0009  120A  118A  284A   	ljmp	_isr
  1284                           
  1285                           	psect	text9
  1286  0104                     __ptext9:	
  1287 ;; *************** function _spiWrite *****************
  1288 ;; Defined at:
  1289 ;;		line 35 in file "SPI.c"
  1290 ;; Parameters:    Size  Location     Type
  1291 ;;  dat             1    wreg     unsigned char 
  1292 ;; Auto vars:     Size  Location     Type
  1293 ;;  dat             1    0[COMMON] unsigned char 
  1294 ;; Return value:  Size  Location     Type
  1295 ;;                  1    wreg      void 
  1296 ;; Registers used:
  1297 ;;		wreg
  1298 ;; Tracked objects:
  1299 ;;		On entry : 0/0
  1300 ;;		On exit  : 0/0
  1301 ;;		Unchanged: 0/0
  1302 ;; Data sizes:     COMMON   BANK0   BANK1   BANK3   BANK2
  1303 ;;      Params:         0       0       0       0       0
  1304 ;;      Locals:         1       0       0       0       0
  1305 ;;      Temps:          0       0       0       0       0
  1306 ;;      Totals:         1       0       0       0       0
  1307 ;;Total ram usage:        1 bytes
  1308 ;; Hardware stack levels used: 1
  1309 ;; This function calls:
  1310 ;;		Nothing
  1311 ;; This function is called by:
  1312 ;;		_isr
  1313 ;; This function uses a non-reentrant model
  1314 ;;
  1315                           
  1316                           
  1317                           ;psect for function _spiWrite
  1318  0104                     _spiWrite:
  1319                           
  1320                           ;incstack = 0
  1321                           ; Regs used in _spiWrite: [wreg]
  1322                           ;spiWrite@dat stored from wreg
  1323  0104  00F0               	movwf	spiWrite@dat
  1324  0105                     i1l785:
  1325                           
  1326                           ;SPI.c: 35: void spiWrite(char dat);SPI.c: 36: {;SPI.c: 37:     SSPBUF = dat;
  1327  0105  0870               	movf	spiWrite@dat,w
  1328  0106  1283               	bcf	3,5	;RP0=0, select bank0
  1329  0107  1303               	bcf	3,6	;RP1=0, select bank0
  1330  0108  0093               	movwf	19	;volatile
  1331  0109                     i1l113:
  1332  0109  0008               	return
  1333  010A                     __end_of_spiWrite:
  1334                           
  1335                           	psect	text10
  1336  00E5                     __ptext10:	
  1337 ;; *************** function _spiRead *****************
  1338 ;; Defined at:
  1339 ;;		line 48 in file "SPI.c"
  1340 ;; Parameters:    Size  Location     Type
  1341 ;;		None
  1342 ;; Auto vars:     Size  Location     Type
  1343 ;;		None
  1344 ;; Return value:  Size  Location     Type
  1345 ;;                  1    wreg      unsigned char 
  1346 ;; Registers used:
  1347 ;;		wreg, status,2, status,0, pclath, cstack
  1348 ;; Tracked objects:
  1349 ;;		On entry : 0/0
  1350 ;;		On exit  : 0/0
  1351 ;;		Unchanged: 0/0
  1352 ;; Data sizes:     COMMON   BANK0   BANK1   BANK3   BANK2
  1353 ;;      Params:         0       0       0       0       0
  1354 ;;      Locals:         0       0       0       0       0
  1355 ;;      Temps:          0       0       0       0       0
  1356 ;;      Totals:         0       0       0       0       0
  1357 ;;Total ram usage:        0 bytes
  1358 ;; Hardware stack levels used: 1
  1359 ;; Hardware stack levels required when called: 1
  1360 ;; This function calls:
  1361 ;;		_spiReceiveWait
  1362 ;; This function is called by:
  1363 ;;		_isr
  1364 ;; This function uses a non-reentrant model
  1365 ;;
  1366                           
  1367                           
  1368                           ;psect for function _spiRead
  1369  00E5                     _spiRead:
  1370  00E5                     i1l779:	
  1371                           ;incstack = 0
  1372                           ; Regs used in _spiRead: [wreg+status,2+status,0+pclath+cstack]
  1373                           
  1374                           
  1375                           ;SPI.c: 50:     spiReceiveWait();
  1376  00E5  120A  118A  20FD  120A  118A  	fcall	_spiReceiveWait
  1377  00EA                     i1l781:
  1378                           
  1379                           ;SPI.c: 51:     return(SSPBUF);
  1380  00EA  1283               	bcf	3,5	;RP0=0, select bank0
  1381  00EB  1303               	bcf	3,6	;RP1=0, select bank0
  1382  00EC  0813               	movf	19,w	;volatile
  1383  00ED                     i1l121:
  1384  00ED  0008               	return
  1385  00EE                     __end_of_spiRead:
  1386                           
  1387                           	psect	text11
  1388  00FD                     __ptext11:	
  1389 ;; *************** function _spiReceiveWait *****************
  1390 ;; Defined at:
  1391 ;;		line 30 in file "SPI.c"
  1392 ;; Parameters:    Size  Location     Type
  1393 ;;		None
  1394 ;; Auto vars:     Size  Location     Type
  1395 ;;		None
  1396 ;; Return value:  Size  Location     Type
  1397 ;;                  1    wreg      void 
  1398 ;; Registers used:
  1399 ;;		None
  1400 ;; Tracked objects:
  1401 ;;		On entry : 0/0
  1402 ;;		On exit  : 0/0
  1403 ;;		Unchanged: 0/0
  1404 ;; Data sizes:     COMMON   BANK0   BANK1   BANK3   BANK2
  1405 ;;      Params:         0       0       0       0       0
  1406 ;;      Locals:         0       0       0       0       0
  1407 ;;      Temps:          0       0       0       0       0
  1408 ;;      Totals:         0       0       0       0       0
  1409 ;;Total ram usage:        0 bytes
  1410 ;; Hardware stack levels used: 1
  1411 ;; This function calls:
  1412 ;;		Nothing
  1413 ;; This function is called by:
  1414 ;;		_spiRead
  1415 ;; This function uses a non-reentrant model
  1416 ;;
  1417                           
  1418                           
  1419                           ;psect for function _spiReceiveWait
  1420  00FD                     _spiReceiveWait:
  1421  00FD                     i1l777:	
  1422                           ;incstack = 0
  1423                           ; Regs used in _spiReceiveWait: []
  1424                           
  1425  00FD                     i1l107:	
  1426                           ;SPI.c: 32:     while ( !SSPSTATbits.BF );
  1427                           
  1428  00FD  1683               	bsf	3,5	;RP0=1, select bank1
  1429  00FE  1303               	bcf	3,6	;RP1=0, select bank1
  1430  00FF  1C14               	btfss	20,0	;volatile
  1431  0100  2902               	goto	u5_21
  1432  0101  2903               	goto	u5_20
  1433  0102                     u5_21:
  1434  0102  28FD               	goto	i1l107
  1435  0103                     u5_20:
  1436  0103                     i1l110:
  1437  0103  0008               	return
  1438  0104                     __end_of_spiReceiveWait:
  1439  007E                     btemp	set	126	;btemp
  1440  007E                     wtemp0	set	126
  1441                           
  1442                           	psect	config
  1443                           
  1444                           ;Config register CONFIG1 @ 0x2007
  1445                           ;	Oscillator Selection bits
  1446                           ;	FOSC = INTRC_NOCLKOUT, INTOSCIO oscillator: I/O function on RA6/OSC2/CLKOUT pin, I/O f
      +                          unction on RA7/OSC1/CLKIN
  1447                           ;	Watchdog Timer Enable bit
  1448                           ;	WDTE = OFF, WDT disabled and can be enabled by SWDTEN bit of the WDTCON register
  1449                           ;	Power-up Timer Enable bit
  1450                           ;	PWRTE = OFF, PWRT disabled
  1451                           ;	RE3/MCLR pin function select bit
  1452                           ;	MCLRE = OFF, RE3/MCLR pin function is digital input, MCLR internally tied to VDD
  1453                           ;	Code Protection bit
  1454                           ;	CP = OFF, Program memory code protection is disabled
  1455                           ;	Data Code Protection bit
  1456                           ;	CPD = OFF, Data memory code protection is disabled
  1457                           ;	Brown Out Reset Selection bits
  1458                           ;	BOREN = OFF, BOR disabled
  1459                           ;	Internal External Switchover bit
  1460                           ;	IESO = OFF, Internal/External Switchover mode is disabled
  1461                           ;	Fail-Safe Clock Monitor Enabled bit
  1462                           ;	FCMEN = OFF, Fail-Safe Clock Monitor is disabled
  1463                           ;	Low Voltage Programming Enable bit
  1464                           ;	LVP = OFF, RB3 pin has digital I/O, HV on MCLR must be used for programming
  1465                           ;	In-Circuit Debugger Mode bit
  1466                           ;	DEBUG = 0x1, unprogrammed default
  1467  2007                     	org	8199
  1468  2007  20D4               	dw	8404
  1469                           
  1470                           ;Config register CONFIG2 @ 0x2008
  1471                           ;	Brown-out Reset Selection bit
  1472                           ;	BOR4V = BOR40V, Brown-out Reset set to 4.0V
  1473                           ;	Flash Program Memory Self Write Enable bits
  1474                           ;	WRT = OFF, Write protection off
  1475  2008                     	org	8200
  1476  2008  3FFF               	dw	16383

Data Sizes:
    Strings     0
    Constant    0
    Data        0
    BSS         2
    Persistent  0
    Stack       0

Auto Spaces:
    Space          Size  Autos    Used
    COMMON           14      8      10
    BANK0            80      1       1
    BANK1            80      0       0
    BANK3            96      0       0
    BANK2            96      0       0

Pointer List with Targets:

    None.

Critical Paths under _main in COMMON

    _setup->_spiInit
    _config_adc->_con_ADC

Critical Paths under _isr in COMMON

    _isr->_spiWrite

Critical Paths under _main in BANK0

    None.

Critical Paths under _isr in BANK0

    None.

Critical Paths under _main in BANK1

    None.

Critical Paths under _isr in BANK1

    None.

Critical Paths under _main in BANK3

    None.

Critical Paths under _isr in BANK3

    None.

Critical Paths under _main in BANK2

    None.

Critical Paths under _isr in BANK2

    None.

Call Graph Tables:

 ---------------------------------------------------------------------------------
 (Depth) Function   	        Calls       Base Space   Used Autos Params    Refs
 ---------------------------------------------------------------------------------
 (0) _main                                                 1     1      0     405
                                              0 BANK0      1     1      0
                              _setup
 ---------------------------------------------------------------------------------
 (1) _setup                                                0     0      0     405
                         _config_adc
                       _config_clock
                          _config_ie
                          _config_io
                            _spiInit
 ---------------------------------------------------------------------------------
 (2) _spiInit                                              4     1      3     360
                                              4 COMMON     4     1      3
 ---------------------------------------------------------------------------------
 (2) _config_io                                            0     0      0       0
 ---------------------------------------------------------------------------------
 (2) _config_ie                                            0     0      0       0
 ---------------------------------------------------------------------------------
 (2) _config_clock                                         0     0      0       0
 ---------------------------------------------------------------------------------
 (2) _config_adc                                           1     1      0      45
                                              5 COMMON     1     1      0
                            _con_ADC
 ---------------------------------------------------------------------------------
 (3) _con_ADC                                              1     1      0      45
                                              4 COMMON     1     1      0
 ---------------------------------------------------------------------------------
 Estimated maximum stack depth 3
 ---------------------------------------------------------------------------------
 (Depth) Function   	        Calls       Base Space   Used Autos Params    Refs
 ---------------------------------------------------------------------------------
 (4) _isr                                                  3     3      0      15
                                              1 COMMON     3     3      0
                            _spiRead
                           _spiWrite
 ---------------------------------------------------------------------------------
 (5) _spiWrite                                             1     1      0      15
                                              0 COMMON     1     1      0
 ---------------------------------------------------------------------------------
 (5) _spiRead                                              0     0      0       0
                     _spiReceiveWait
 ---------------------------------------------------------------------------------
 (6) _spiReceiveWait                                       0     0      0       0
 ---------------------------------------------------------------------------------
 Estimated maximum stack depth 6
 ---------------------------------------------------------------------------------

 Call Graph Graphs:

 _main (ROOT)
   _setup
     _config_adc
       _con_ADC
     _config_clock
     _config_ie
     _config_io
     _spiInit

 _isr (ROOT)
   _spiRead
     _spiReceiveWait
   _spiWrite

 Address spaces:
Name               Size   Autos  Total    Cost      Usage
BITCOMMON            E      0       0       0        0.0%
EEDATA             100      0       0       0        0.0%
NULL                 0      0       0       0        0.0%
CODE                 0      0       0       0        0.0%
COMMON               E      8       A       1       71.4%
BITSFR0              0      0       0       1        0.0%
SFR0                 0      0       0       1        0.0%
BITSFR1              0      0       0       2        0.0%
SFR1                 0      0       0       2        0.0%
STACK                0      0       0       2        0.0%
ABS                  0      0       B       3        0.0%
BITBANK0            50      0       0       4        0.0%
BITSFR3              0      0       0       4        0.0%
SFR3                 0      0       0       4        0.0%
BANK0               50      1       1       5        1.2%
BITSFR2              0      0       0       5        0.0%
SFR2                 0      0       0       5        0.0%
BITBANK1            50      0       0       6        0.0%
BANK1               50      0       0       7        0.0%
BITBANK3            60      0       0       8        0.0%
BANK3               60      0       0       9        0.0%
BITBANK2            60      0       0      10        0.0%
BANK2               60      0       0      11        0.0%
DATA                 0      0       B      12        0.0%


Microchip Technology PIC Macro Assembler V2.32 build 20210201212658 
Symbol Table                                                                                   Thu Feb 17 11:17:40 2022

            _SSPSTATbits 0094                       l71 008E                       l80 00FC  
                     l74 00E4                       l83 00D5                       l77 00F5  
                     u10 001B                       u11 001A                       u20 002B  
                     u21 002A                       u30 003D                       u31 003C  
                     u90 00B1                       u91 00B0         con_ADC@ADC_valor 0074  
                    l104 00C0                      l131 0049                      l128 0025  
                    l129 0037                      l731 002B                      l723 0016  
                    l741 0048                      l733 0030                      l725 001B  
                    l821 00AA                      l735 0036                      l727 0020  
                    l751 00F4                      l743 00D6                      l831 00B9  
                    l823 00B1                      l737 003D                      l729 0024  
                    l761 00D2                      l753 00F6                      l745 00DA  
                    l833 00BA                      l825 00B3                      l739 0042  
                    l755 00C1                      l747 00DE                      l827 00B4  
                    l835 0071                      l851 008F                      l757 00C7  
                    l749 00EE                      l829 00B6                      l837 0076  
                    l853 0094                      l759 00CD                      l839 007B  
                    l855 0097                      l857 009B                      l859 00A2  
                    u110 009B                      u111 009A                      u127 009F  
                    u137 00CF                      _isr 004A                     ?_isr 0070  
                   i1l59 006A                     u5_20 0103                     u5_21 0102  
                   u6_20 0050                     u6_21 004F                     u7_20 0065  
                   u7_21 0064                     _main 008F                     btemp 007E  
         ??_config_clock 0074                     start 000C                    ??_isr 0071  
                  ?_main 0070                    _ANSEL 0188                    i1l110 0103  
                  i1l121 00ED                    i1l113 0109                    i1l107 00FD  
                  i1l801 0065                    i1l803 0069                    i1l781 00EA  
                  i1l777 00FD                    i1l785 0105                    i1l793 004A  
                  i1l779 00E5                    i1l795 0050                    i1l797 005E  
                  i1l799 0061                    _PORTB 0006                    _PORTD 0008  
                  _TRISB 0086                    _TRISD 0088          __end_of_con_ADC 004A  
                  _setup 0071                    _trash 0078                    pclath 000A  
        __end_of_spiInit 00C1          __end_of_spiRead 00EE                    status 0003  
                  wtemp0 007E          __initialization 000F             __end_of_main 00A9  
                 ??_main 0020                   _ADRESH 001E                   ?_setup 0070  
                 _ANSELH 0189                   _TRISA5 042D                   _TRISC3 043B  
                 _TRISC4 043C                   _TRISC5 043D                   _SSPCON 0014  
                 _SSPBUF 0013                ??_con_ADC 0074     __end_of_config_clock 00F6  
                 saved_w 007E         __end_of_spiWrite 010A                ??_spiInit 0077  
              ??_spiRead 0070  __end_of__initialization 0011           __pcstackCOMMON 0070  
          __end_of_setup 008F       __size_of_config_ie 0007       __size_of_config_io 000F  
                ??_setup 0078               __pmaintext 008F               __pintentry 0004  
__size_of_spiReceiveWait 0007               _config_adc 00C1                  _SSPSTAT 0094  
      __end_of_config_ie 00FD        __end_of_config_io 00E5                ?_spiWrite 0070  
  __size_of_config_clock 0008                  _con_ADC 0015                  __ptext1 0071  
                __ptext2 00A9                  __ptext3 00D6                  __ptext4 00F6  
                __ptext5 00EE                  __ptext6 00C1                  __ptext7 0015  
                __ptext8 004A                  __ptext9 0104             __size_of_isr 0027  
                _spiInit 00A9                  _spiRead 00E5                  _voltaje 0079  
   end_of_initialization 0011             _config_clock 00EE               ??_spiWrite 0070  
            ?_config_adc 0070                _TRISBbits 0086              spiWrite@dat 0070  
         _spiReceiveWait 00FD      start_initialization 000F              __end_of_isr 0071  
 __end_of_spiReceiveWait 0104      __size_of_config_adc 0015              __pbssCOMMON 0078  
              ___latbits 0002            __pcstackBANK0 0020          ?_spiReceiveWait 0070  
      __size_of_spiWrite 0006                 ?_con_ADC 0070                _config_ie 00F6  
              _config_io 00D6                 ?_spiInit 0074                 ?_spiRead 0070  
         __size_of_setup 001E     spiInit@sTransmitEdge 0076        interrupt_function 0004  
               _PIE1bits 008C       spiInit@sDataSample 0074                 _PIR1bits 000C  
             ?_config_ie 0070               ?_config_io 0070               _ADCON0bits 001F  
             _ADCON1bits 009F             ??_config_adc 0075       __end_of_config_adc 00D6  
       __size_of_con_ADC 0035               _ANSELHbits 0189                 __ptext10 00E5  
               __ptext11 00FD         __size_of_spiInit 0018         __size_of_spiRead 0009  
          __size_of_main 001A                 _spiWrite 0104             spiInit@sType 0077  
      spiInit@sClockIdle 0075              ??_config_ie 0074              ??_config_io 0074  
             _INTCONbits 000B                 intlevel1 0000         ??_spiReceiveWait 0070  
             _OSCCONbits 008F            ?_config_clock 0070  
