

Microchip MPLAB XC8 Assembler V2.32 build 20210201212658 
                                                                                               Wed Jan 19 20:38:37 2022

Microchip MPLAB XC8 C Compiler v2.32 (Free license) build 20210201212658 Og1 
     1                           	processor	16F887
     2                           	pagewidth 120
     3                           	opt	flic
     4                           	psect	cinit,global,class=CODE,merge=1,delta=2
     5                           	psect	bssCOMMON,global,class=COMMON,space=1,delta=1,noexec
     6                           	psect	cstackCOMMON,global,class=COMMON,space=1,delta=1,noexec
     7                           	psect	maintext,global,class=CODE,split=1,delta=2
     8                           	psect	text1,local,class=CODE,merge=1,delta=2
     9                           	psect	text2,local,class=CODE,merge=1,delta=2
    10                           	psect	text3,local,class=CODE,merge=1,delta=2
    11                           	psect	text4,local,class=CODE,merge=1,delta=2
    12                           	psect	text5,local,class=CODE,merge=1,delta=2
    13                           	psect	text6,local,class=CODE,merge=1,delta=2
    14                           	psect	text7,local,class=CODE,merge=1,delta=2
    15                           	psect	text8,local,class=CODE,merge=1,delta=2
    16                           	psect	intentry,global,class=CODE,delta=2
    17                           	psect	config,global,abs,ovrld,class=CONFIG,space=4,delta=2,noexec
    18                           	dabs	1,0x7E,2
    19  0000                     
    20                           ; Version 2.20
    21                           ; Generated 12/02/2020 GMT
    22                           ; 
    23                           ; Copyright © 2020, Microchip Technology Inc. and its subsidiaries ("Microchip")
    24                           ; All rights reserved.
    25                           ; 
    26                           ; This software is developed by Microchip Technology Inc. and its subsidiaries ("Microch
      +                          ip").
    27                           ; 
    28                           ; Redistribution and use in source and binary forms, with or without modification, are
    29                           ; permitted provided that the following conditions are met:
    30                           ; 
    31                           ;     1. Redistributions of source code must retain the above copyright notice, this lis
      +                          t of
    32                           ;        conditions and the following disclaimer.
    33                           ; 
    34                           ;     2. Redistributions in binary form must reproduce the above copyright notice, this 
      +                          list
    35                           ;        of conditions and the following disclaimer in the documentation and/or other
    36                           ;        materials provided with the distribution.
    37                           ; 
    38                           ;     3. Microchip's name may not be used to endorse or promote products derived from th
      +                          is
    39                           ;        software without specific prior written permission.
    40                           ; 
    41                           ; THIS SOFTWARE IS PROVIDED BY MICROCHIP "AS IS" AND ANY EXPRESS OR IMPLIED WARRANTIES,
    42                           ; INCLUDING, BUT NOT LIMITED TO, THE IMPLIED WARRANTIES OF MERCHANTABILITY AND FITNESS F
      +                          OR
    43                           ; PURPOSE ARE DISCLAIMED.  IN NO EVENT SHALL MICROCHIP BE LIABLE FOR ANY DIRECT, INDIREC
      +                          T,
    44                           ; INCIDENTAL, SPECIAL, EXEMPLARY, OR CONSEQUENTIAL DAMAGES (INCLUDING BUT NOT LIMITED TO
    45                           ; PROCUREMENT OF SUBSTITUTE GOODS OR SERVICES; LOSS OF USE, DATA OR PROFITS; OR BUSINESS
    46                           ; INTERRUPTION) HOWSOEVER CAUSED AND ON ANY THEORY OF LIABILITY, WHETHER IN CONTRACT, ST
      +                          RICT
    47                           ; LIABILITY, OR TORT (INCLUDING NEGLIGENCE OR OTHERWISE) ARISING IN ANY WAY OUT OF THE U
      +                          SE OF
    48                           ; THIS SOFTWARE, EVEN IF ADVISED OF THE POSSIBILITY OF SUCH DAMAGE.
    49                           ; 
    50                           ; 
    51                           ; Code-generator required, PIC16F887 Definitions
    52                           ; 
    53                           ; SFR Addresses
    54  0000                     	;# 
    55  0001                     	;# 
    56  0002                     	;# 
    57  0003                     	;# 
    58  0004                     	;# 
    59  0005                     	;# 
    60  0006                     	;# 
    61  0007                     	;# 
    62  0008                     	;# 
    63  0009                     	;# 
    64  000A                     	;# 
    65  000B                     	;# 
    66  000C                     	;# 
    67  000D                     	;# 
    68  000E                     	;# 
    69  000E                     	;# 
    70  000F                     	;# 
    71  0010                     	;# 
    72  0011                     	;# 
    73  0012                     	;# 
    74  0013                     	;# 
    75  0014                     	;# 
    76  0015                     	;# 
    77  0015                     	;# 
    78  0016                     	;# 
    79  0017                     	;# 
    80  0018                     	;# 
    81  0019                     	;# 
    82  001A                     	;# 
    83  001B                     	;# 
    84  001B                     	;# 
    85  001C                     	;# 
    86  001D                     	;# 
    87  001E                     	;# 
    88  001F                     	;# 
    89  0081                     	;# 
    90  0085                     	;# 
    91  0086                     	;# 
    92  0087                     	;# 
    93  0088                     	;# 
    94  0089                     	;# 
    95  008C                     	;# 
    96  008D                     	;# 
    97  008E                     	;# 
    98  008F                     	;# 
    99  0090                     	;# 
   100  0091                     	;# 
   101  0092                     	;# 
   102  0093                     	;# 
   103  0093                     	;# 
   104  0093                     	;# 
   105  0094                     	;# 
   106  0095                     	;# 
   107  0096                     	;# 
   108  0097                     	;# 
   109  0098                     	;# 
   110  0099                     	;# 
   111  009A                     	;# 
   112  009B                     	;# 
   113  009C                     	;# 
   114  009D                     	;# 
   115  009E                     	;# 
   116  009F                     	;# 
   117  0105                     	;# 
   118  0107                     	;# 
   119  0108                     	;# 
   120  0109                     	;# 
   121  010C                     	;# 
   122  010C                     	;# 
   123  010D                     	;# 
   124  010E                     	;# 
   125  010F                     	;# 
   126  0185                     	;# 
   127  0187                     	;# 
   128  0188                     	;# 
   129  0189                     	;# 
   130  018C                     	;# 
   131  018D                     	;# 
   132  0000                     	;# 
   133  0001                     	;# 
   134  0002                     	;# 
   135  0003                     	;# 
   136  0004                     	;# 
   137  0005                     	;# 
   138  0006                     	;# 
   139  0007                     	;# 
   140  0008                     	;# 
   141  0009                     	;# 
   142  000A                     	;# 
   143  000B                     	;# 
   144  000C                     	;# 
   145  000D                     	;# 
   146  000E                     	;# 
   147  000E                     	;# 
   148  000F                     	;# 
   149  0010                     	;# 
   150  0011                     	;# 
   151  0012                     	;# 
   152  0013                     	;# 
   153  0014                     	;# 
   154  0015                     	;# 
   155  0015                     	;# 
   156  0016                     	;# 
   157  0017                     	;# 
   158  0018                     	;# 
   159  0019                     	;# 
   160  001A                     	;# 
   161  001B                     	;# 
   162  001B                     	;# 
   163  001C                     	;# 
   164  001D                     	;# 
   165  001E                     	;# 
   166  001F                     	;# 
   167  0081                     	;# 
   168  0085                     	;# 
   169  0086                     	;# 
   170  0087                     	;# 
   171  0088                     	;# 
   172  0089                     	;# 
   173  008C                     	;# 
   174  008D                     	;# 
   175  008E                     	;# 
   176  008F                     	;# 
   177  0090                     	;# 
   178  0091                     	;# 
   179  0092                     	;# 
   180  0093                     	;# 
   181  0093                     	;# 
   182  0093                     	;# 
   183  0094                     	;# 
   184  0095                     	;# 
   185  0096                     	;# 
   186  0097                     	;# 
   187  0098                     	;# 
   188  0099                     	;# 
   189  009A                     	;# 
   190  009B                     	;# 
   191  009C                     	;# 
   192  009D                     	;# 
   193  009E                     	;# 
   194  009F                     	;# 
   195  0105                     	;# 
   196  0107                     	;# 
   197  0108                     	;# 
   198  0109                     	;# 
   199  010C                     	;# 
   200  010C                     	;# 
   201  010D                     	;# 
   202  010E                     	;# 
   203  010F                     	;# 
   204  0185                     	;# 
   205  0187                     	;# 
   206  0188                     	;# 
   207  0189                     	;# 
   208  018C                     	;# 
   209  018D                     	;# 
   210  000E                     _TMR1L	set	14
   211  000F                     _TMR1H	set	15
   212  0010                     _T1CONbits	set	16
   213  0008                     _PORTDbits	set	8
   214  0005                     _PORTAbits	set	5
   215  0007                     _PORTC	set	7
   216  0006                     _PORTB	set	6
   217  0008                     _PORTD	set	8
   218  0005                     _PORTA	set	5
   219  0006                     _PORTBbits	set	6
   220  000B                     _INTCONbits	set	11
   221  000C                     _PIR1bits	set	12
   222  0096                     _IOCBbits	set	150
   223  008C                     _PIE1bits	set	140
   224  008F                     _OSCCONbits	set	143
   225  0088                     _TRISD	set	136
   226  0087                     _TRISC	set	135
   227  0086                     _TRISB	set	134
   228  0085                     _TRISA	set	133
   229  0189                     _ANSELH	set	393
   230  0188                     _ANSEL	set	392
   231                           
   232                           	psect	cinit
   233  000F                     start_initialization:	
   234                           ; #config settings
   235                           
   236  000F                     __initialization:
   237                           
   238                           ; Clear objects allocated to COMMON
   239  000F  01F8               	clrf	__pbssCOMMON& (0+127)
   240  0010  01F9               	clrf	(__pbssCOMMON+1)& (0+127)
   241  0011  01FA               	clrf	(__pbssCOMMON+2)& (0+127)
   242  0012                     end_of_initialization:	
   243                           ;End of C runtime variable initialization code
   244                           
   245  0012                     __end_of__initialization:
   246  0012  0183               	clrf	3
   247  0013  120A  118A  2816   	ljmp	_main	;jump to C main() function
   248                           
   249                           	psect	bssCOMMON
   250  0078                     __pbssCOMMON:
   251  0078                     _race_mode:
   252  0078                     	ds	1
   253  0079                     _activador:
   254  0079                     	ds	1
   255  007A                     _segundero:
   256  007A                     	ds	1
   257                           
   258                           	psect	cstackCOMMON
   259  0070                     __pcstackCOMMON:
   260  0070                     ?_config_io:
   261  0070                     ?_config_clock:	
   262                           ; 1 bytes @ 0x0
   263                           
   264  0070                     ?_config_tmr1:	
   265                           ; 1 bytes @ 0x0
   266                           
   267  0070                     ?_config_ie:	
   268                           ; 1 bytes @ 0x0
   269                           
   270  0070                     ?_config_iocb:	
   271                           ; 1 bytes @ 0x0
   272                           
   273  0070                     ?_tabla_7seg:	
   274                           ; 1 bytes @ 0x0
   275                           
   276  0070                     ?_setup:	
   277                           ; 1 bytes @ 0x0
   278                           
   279  0070                     ?_isr:	
   280                           ; 1 bytes @ 0x0
   281                           
   282  0070                     ??_isr:	
   283                           ; 1 bytes @ 0x0
   284                           
   285  0070                     ?_main:	
   286                           ; 1 bytes @ 0x0
   287                           
   288                           
   289                           ; 1 bytes @ 0x0
   290  0070                     	ds	3
   291  0073                     ??_config_io:
   292  0073                     ??_config_clock:	
   293                           ; 1 bytes @ 0x3
   294                           
   295  0073                     ??_config_tmr1:	
   296                           ; 1 bytes @ 0x3
   297                           
   298  0073                     ??_config_ie:	
   299                           ; 1 bytes @ 0x3
   300                           
   301  0073                     ??_config_iocb:	
   302                           ; 1 bytes @ 0x3
   303                           
   304  0073                     ??_tabla_7seg:	
   305                           ; 1 bytes @ 0x3
   306                           
   307  0073                     ??_setup:	
   308                           ; 1 bytes @ 0x3
   309                           
   310                           
   311                           ; 1 bytes @ 0x3
   312  0073                     	ds	2
   313  0075                     tabla_7seg@uwu:
   314                           
   315                           ; 1 bytes @ 0x5
   316  0075                     	ds	1
   317  0076                     ??_main:
   318                           
   319                           ; 1 bytes @ 0x6
   320  0076                     	ds	2
   321                           
   322                           	psect	maintext
   323  0016                     __pmaintext:	
   324 ;;
   325 ;;Main: autosize = 0, tempsize = 2, incstack = 0, save=0
   326 ;;
   327 ;; *************** function _main *****************
   328 ;; Defined at:
   329 ;;		line 122 in file "pre_semaforo.c"
   330 ;; Parameters:    Size  Location     Type
   331 ;;		None
   332 ;; Auto vars:     Size  Location     Type
   333 ;;		None
   334 ;; Return value:  Size  Location     Type
   335 ;;                  1    wreg      void 
   336 ;; Registers used:
   337 ;;		wreg, fsr0l, fsr0h, status,2, status,0, pclath, cstack
   338 ;; Tracked objects:
   339 ;;		On entry : B00/0
   340 ;;		On exit  : 0/0
   341 ;;		Unchanged: 0/0
   342 ;; Data sizes:     COMMON   BANK0   BANK1   BANK3   BANK2
   343 ;;      Params:         0       0       0       0       0
   344 ;;      Locals:         0       0       0       0       0
   345 ;;      Temps:          2       0       0       0       0
   346 ;;      Totals:         2       0       0       0       0
   347 ;;Total ram usage:        2 bytes
   348 ;; Hardware stack levels required when called: 3
   349 ;; This function calls:
   350 ;;		_setup
   351 ;;		_tabla_7seg
   352 ;; This function is called by:
   353 ;;		Startup code after reset
   354 ;; This function uses a non-reentrant model
   355 ;;
   356                           
   357                           
   358                           ;psect for function _main
   359  0016                     _main:
   360  0016                     l828:	
   361                           ;incstack = 0
   362                           ; Regs used in _main: [wreg-fsr0h+status,2+status,0+pclath+cstack]
   363                           
   364                           
   365                           ;pre_semaforo.c: 123:     setup();
   366  0016  120A  118A  211E  120A  118A  	fcall	_setup
   367  001B  288E               	goto	l876
   368  001C                     l830:
   369                           
   370                           ;pre_semaforo.c: 127:                 PORTB = 0;
   371  001C  1283               	bcf	3,5	;RP0=0, select bank0
   372  001D  1303               	bcf	3,6	;RP1=0, select bank0
   373  001E  0186               	clrf	6	;volatile
   374  001F                     l832:
   375                           
   376                           ;pre_semaforo.c: 128:                 PORTC = 0b00001001;
   377  001F  3009               	movlw	9
   378  0020  0087               	movwf	7	;volatile
   379  0021                     l834:
   380                           
   381                           ;pre_semaforo.c: 129:                 segundero = 0;
   382  0021  01FA               	clrf	_segundero
   383  0022                     l836:
   384                           
   385                           ;pre_semaforo.c: 130:                 race_mode = 0;
   386  0022  01F8               	clrf	_race_mode
   387                           
   388                           ;pre_semaforo.c: 131:                 break;
   389  0023  289E               	goto	l82
   390  0024                     l838:
   391                           
   392                           ;pre_semaforo.c: 134:                 if (segundero == 1){
   393  0024  037A               	decf	_segundero,w
   394  0025  1D03               	btfss	3,2
   395  0026  2828               	goto	u71
   396  0027  2829               	goto	u70
   397  0028                     u71:
   398  0028  2837               	goto	l844
   399  0029                     u70:
   400  0029                     l840:
   401                           
   402                           ;pre_semaforo.c: 135:                     PORTBbits.RB0 = 1;
   403  0029  1283               	bcf	3,5	;RP0=0, select bank0
   404  002A  1303               	bcf	3,6	;RP1=0, select bank0
   405  002B  1406               	bsf	6,0	;volatile
   406  002C                     l842:
   407                           
   408                           ;pre_semaforo.c: 136:                     PORTC = tabla_7seg(segundero-1);
   409  002C  087A               	movf	_segundero,w
   410  002D  3EFF               	addlw	255
   411  002E  120A  118A  20FB  120A  118A  	fcall	_tabla_7seg
   412  0033  1283               	bcf	3,5	;RP0=0, select bank0
   413  0034  1303               	bcf	3,6	;RP1=0, select bank0
   414  0035  0087               	movwf	7	;volatile
   415                           
   416                           ;pre_semaforo.c: 137:                 }
   417  0036  289E               	goto	l82
   418  0037                     l844:
   419  0037  3002               	movlw	2
   420  0038  067A               	xorwf	_segundero,w
   421  0039  1D03               	btfss	3,2
   422  003A  283C               	goto	u81
   423  003B  283D               	goto	u80
   424  003C                     u81:
   425  003C  284C               	goto	l850
   426  003D                     u80:
   427  003D                     l846:
   428                           
   429                           ;pre_semaforo.c: 139:                     PORTBbits.RB0 = 0;
   430  003D  1283               	bcf	3,5	;RP0=0, select bank0
   431  003E  1303               	bcf	3,6	;RP1=0, select bank0
   432  003F  1006               	bcf	6,0	;volatile
   433                           
   434                           ;pre_semaforo.c: 140:                     PORTBbits.RB1 = 1;
   435  0040  1486               	bsf	6,1	;volatile
   436  0041                     l848:
   437                           
   438                           ;pre_semaforo.c: 141:                     PORTC = tabla_7seg(segundero-1);
   439  0041  087A               	movf	_segundero,w
   440  0042  3EFF               	addlw	255
   441  0043  120A  118A  20FB  120A  118A  	fcall	_tabla_7seg
   442  0048  1283               	bcf	3,5	;RP0=0, select bank0
   443  0049  1303               	bcf	3,6	;RP1=0, select bank0
   444  004A  0087               	movwf	7	;volatile
   445                           
   446                           ;pre_semaforo.c: 142:                 }
   447  004B  289E               	goto	l82
   448  004C                     l850:
   449  004C  3003               	movlw	3
   450  004D  067A               	xorwf	_segundero,w
   451  004E  1D03               	btfss	3,2
   452  004F  2851               	goto	u91
   453  0050  2852               	goto	u90
   454  0051                     u91:
   455  0051  2861               	goto	l856
   456  0052                     u90:
   457  0052                     l852:
   458                           
   459                           ;pre_semaforo.c: 144:                     PORTBbits.RB1 = 0;
   460  0052  1283               	bcf	3,5	;RP0=0, select bank0
   461  0053  1303               	bcf	3,6	;RP1=0, select bank0
   462  0054  1086               	bcf	6,1	;volatile
   463                           
   464                           ;pre_semaforo.c: 145:                     PORTBbits.RB2 = 1;
   465  0055  1506               	bsf	6,2	;volatile
   466  0056                     l854:
   467                           
   468                           ;pre_semaforo.c: 146:                     PORTC = tabla_7seg(segundero-1);
   469  0056  087A               	movf	_segundero,w
   470  0057  3EFF               	addlw	255
   471  0058  120A  118A  20FB  120A  118A  	fcall	_tabla_7seg
   472  005D  1283               	bcf	3,5	;RP0=0, select bank0
   473  005E  1303               	bcf	3,6	;RP1=0, select bank0
   474  005F  0087               	movwf	7	;volatile
   475                           
   476                           ;pre_semaforo.c: 147:                 }
   477  0060  289E               	goto	l82
   478  0061                     l856:
   479  0061  3004               	movlw	4
   480  0062  067A               	xorwf	_segundero,w
   481  0063  1D03               	btfss	3,2
   482  0064  2866               	goto	u101
   483  0065  2867               	goto	u100
   484  0066                     u101:
   485  0066  287B               	goto	l866
   486  0067                     u100:
   487  0067                     l858:
   488                           
   489                           ;pre_semaforo.c: 149:                     PORTBbits.RB0 = 1;
   490  0067  1283               	bcf	3,5	;RP0=0, select bank0
   491  0068  1303               	bcf	3,6	;RP1=0, select bank0
   492  0069  1406               	bsf	6,0	;volatile
   493                           
   494                           ;pre_semaforo.c: 150:                     PORTBbits.RB1 = 1;
   495  006A  1486               	bsf	6,1	;volatile
   496                           
   497                           ;pre_semaforo.c: 151:                     PORTBbits.RB2 = 1;
   498  006B  1506               	bsf	6,2	;volatile
   499  006C                     l860:
   500                           
   501                           ;pre_semaforo.c: 152:                     PORTC = tabla_7seg(segundero-1);
   502  006C  087A               	movf	_segundero,w
   503  006D  3EFF               	addlw	255
   504  006E  120A  118A  20FB  120A  118A  	fcall	_tabla_7seg
   505  0073  1283               	bcf	3,5	;RP0=0, select bank0
   506  0074  1303               	bcf	3,6	;RP1=0, select bank0
   507  0075  0087               	movwf	7	;volatile
   508  0076                     l862:
   509                           
   510                           ;pre_semaforo.c: 154:                     PORTA = 1;
   511  0076  3001               	movlw	1
   512  0077  0085               	movwf	5	;volatile
   513  0078                     l864:
   514                           
   515                           ;pre_semaforo.c: 155:                     PORTD = 1;
   516  0078  3001               	movlw	1
   517  0079  0088               	movwf	8	;volatile
   518                           
   519                           ;pre_semaforo.c: 156:                 }
   520  007A  289E               	goto	l82
   521  007B                     l866:
   522  007B  3005               	movlw	5
   523  007C  027A               	subwf	_segundero,w
   524  007D  1C03               	skipc
   525  007E  2880               	goto	u111
   526  007F  2881               	goto	u110
   527  0080                     u111:
   528  0080  2888               	goto	l87
   529  0081                     u110:
   530  0081                     l868:
   531                           
   532                           ;pre_semaforo.c: 158:                     segundero = 5;
   533  0081  3005               	movlw	5
   534  0082  00F6               	movwf	??_main
   535  0083  0876               	movf	??_main,w
   536  0084  00FA               	movwf	_segundero
   537  0085                     l870:
   538                           
   539                           ;pre_semaforo.c: 159:                     race_mode = 1;
   540  0085  01F8               	clrf	_race_mode
   541  0086  0AF8               	incf	_race_mode,f
   542  0087  289E               	goto	l82
   543  0088                     l87:
   544  0088  289E               	goto	l82
   545  0089                     l872:
   546                           
   547                           ;pre_semaforo.c: 164:                 PORTB = 0b11001100;
   548  0089  30CC               	movlw	204
   549  008A  1283               	bcf	3,5	;RP0=0, select bank0
   550  008B  1303               	bcf	3,6	;RP1=0, select bank0
   551  008C  0086               	movwf	6	;volatile
   552                           
   553                           ;pre_semaforo.c: 165:                 break;
   554  008D  289E               	goto	l82
   555  008E                     l876:
   556  008E  0879               	movf	_activador,w
   557  008F  00F6               	movwf	??_main
   558  0090  01F7               	clrf	??_main+1
   559                           
   560                           ; Switch on 2 bytes has been partitioned into a top level switch of size 1, and 1 sub-sw
      +                          itches
   561                           ; Switch size 1, requested type "simple"
   562                           ; Number of cases is 1, Range of values is 0 to 0
   563                           ; switch strategies available:
   564                           ; Name         Instructions Cycles
   565                           ; simple_byte            4     3 (average)
   566                           ; direct_byte           11     8 (fixed)
   567                           ; jumptable            260     6 (fixed)
   568                           ;	Chosen strategy is simple_byte
   569  0091  0877               	movf	??_main+1,w
   570  0092  3A00               	xorlw	0	; case 0
   571  0093  1903               	skipnz
   572  0094  2896               	goto	l954
   573  0095  2889               	goto	l872
   574  0096                     l954:
   575                           
   576                           ; Switch size 1, requested type "simple"
   577                           ; Number of cases is 2, Range of values is 0 to 1
   578                           ; switch strategies available:
   579                           ; Name         Instructions Cycles
   580                           ; simple_byte            7     4 (average)
   581                           ; direct_byte           14     8 (fixed)
   582                           ; jumptable            260     6 (fixed)
   583                           ;	Chosen strategy is simple_byte
   584  0096  0876               	movf	??_main,w
   585  0097  3A00               	xorlw	0	; case 0
   586  0098  1903               	skipnz
   587  0099  281C               	goto	l830
   588  009A  3A01               	xorlw	1	; case 1
   589  009B  1903               	skipnz
   590  009C  2824               	goto	l838
   591  009D  2889               	goto	l872
   592  009E                     l82:
   593                           
   594                           ;pre_semaforo.c: 168:         if (PORTAbits.RA7){
   595  009E  1283               	bcf	3,5	;RP0=0, select bank0
   596  009F  1303               	bcf	3,6	;RP1=0, select bank0
   597  00A0  1F85               	btfss	5,7	;volatile
   598  00A1  28A3               	goto	u121
   599  00A2  28A4               	goto	u120
   600  00A3                     u121:
   601  00A3  28A8               	goto	l884
   602  00A4                     u120:
   603  00A4                     l878:
   604                           
   605                           ;pre_semaforo.c: 169:             PORTBbits.RB3 = 1;
   606  00A4  1586               	bsf	6,3	;volatile
   607  00A5                     l880:
   608                           
   609                           ;pre_semaforo.c: 170:             PORTC = 0b00000110;
   610  00A5  3006               	movlw	6
   611  00A6  0087               	movwf	7	;volatile
   612  00A7                     l882:
   613                           
   614                           ;pre_semaforo.c: 171:             race_mode = 0;
   615  00A7  01F8               	clrf	_race_mode
   616  00A8                     l884:
   617                           
   618                           ;pre_semaforo.c: 173:         if (PORTDbits.RD7){
   619  00A8  1F88               	btfss	8,7	;volatile
   620  00A9  28AB               	goto	u131
   621  00AA  28AC               	goto	u130
   622  00AB                     u131:
   623  00AB  28B0               	goto	l892
   624  00AC                     u130:
   625  00AC                     l886:
   626                           
   627                           ;pre_semaforo.c: 174:             PORTBbits.RB4 = 1;
   628  00AC  1606               	bsf	6,4	;volatile
   629  00AD                     l888:
   630                           
   631                           ;pre_semaforo.c: 175:             PORTC = 0b01011011;
   632  00AD  305B               	movlw	91
   633  00AE  0087               	movwf	7	;volatile
   634  00AF                     l890:
   635                           
   636                           ;pre_semaforo.c: 176:             race_mode = 0;
   637  00AF  01F8               	clrf	_race_mode
   638  00B0                     l892:
   639                           
   640                           ;pre_semaforo.c: 179:         if (PORTBbits.RB5 && (PORTBbits.RB3 || PORTBbits.RB4)){
   641  00B0  1E86               	btfss	6,5	;volatile
   642  00B1  28B3               	goto	u141
   643  00B2  28B4               	goto	u140
   644  00B3                     u141:
   645  00B3  288E               	goto	l876
   646  00B4                     u140:
   647  00B4                     l894:
   648  00B4  1986               	btfsc	6,3	;volatile
   649  00B5  28B7               	goto	u151
   650  00B6  28B8               	goto	u150
   651  00B7                     u151:
   652  00B7  28BC               	goto	l898
   653  00B8                     u150:
   654  00B8                     l896:
   655  00B8  1E06               	btfss	6,4	;volatile
   656  00B9  28BB               	goto	u161
   657  00BA  28BC               	goto	u160
   658  00BB                     u161:
   659  00BB  288E               	goto	l876
   660  00BC                     u160:
   661  00BC                     l898:
   662                           
   663                           ;pre_semaforo.c: 180:             PORTA = 0;
   664  00BC  0185               	clrf	5	;volatile
   665                           
   666                           ;pre_semaforo.c: 181:             PORTB = 0;
   667  00BD  0186               	clrf	6	;volatile
   668  00BE                     l900:
   669                           
   670                           ;pre_semaforo.c: 182:             PORTC = 0b00001001;
   671  00BE  3009               	movlw	9
   672  00BF  0087               	movwf	7	;volatile
   673  00C0                     l902:
   674                           
   675                           ;pre_semaforo.c: 183:             PORTD = 0;
   676  00C0  0188               	clrf	8	;volatile
   677  00C1                     l904:
   678                           
   679                           ;pre_semaforo.c: 184:             segundero = 0;
   680  00C1  01FA               	clrf	_segundero
   681  00C2                     l906:
   682                           
   683                           ;pre_semaforo.c: 185:             activador = 1;
   684  00C2  01F9               	clrf	_activador
   685  00C3  0AF9               	incf	_activador,f
   686  00C4                     l908:
   687                           
   688                           ;pre_semaforo.c: 186:             race_mode = 0;
   689  00C4  01F8               	clrf	_race_mode
   690  00C5  288E               	goto	l876
   691  00C6  120A  118A  280C   	ljmp	start
   692  00C9                     __end_of_main:
   693                           
   694                           	psect	text1
   695  00FB                     __ptext1:	
   696 ;; *************** function _tabla_7seg *****************
   697 ;; Defined at:
   698 ;;		line 196 in file "pre_semaforo.c"
   699 ;; Parameters:    Size  Location     Type
   700 ;;  uwu             1    wreg     unsigned char 
   701 ;; Auto vars:     Size  Location     Type
   702 ;;  uwu             1    5[COMMON] unsigned char 
   703 ;; Return value:  Size  Location     Type
   704 ;;                  1    wreg      unsigned char 
   705 ;; Registers used:
   706 ;;		wreg, fsr0l, fsr0h, status,2, status,0
   707 ;; Tracked objects:
   708 ;;		On entry : 0/0
   709 ;;		On exit  : 0/0
   710 ;;		Unchanged: 0/0
   711 ;; Data sizes:     COMMON   BANK0   BANK1   BANK3   BANK2
   712 ;;      Params:         0       0       0       0       0
   713 ;;      Locals:         1       0       0       0       0
   714 ;;      Temps:          2       0       0       0       0
   715 ;;      Totals:         3       0       0       0       0
   716 ;;Total ram usage:        3 bytes
   717 ;; Hardware stack levels used: 1
   718 ;; Hardware stack levels required when called: 1
   719 ;; This function calls:
   720 ;;		Nothing
   721 ;; This function is called by:
   722 ;;		_main
   723 ;; This function uses a non-reentrant model
   724 ;;
   725                           
   726                           
   727                           ;psect for function _tabla_7seg
   728  00FB                     _tabla_7seg:
   729                           
   730                           ;incstack = 0
   731                           ; Regs used in _tabla_7seg: [wreg-fsr0h+status,2+status,0]
   732                           ;tabla_7seg@uwu stored from wreg
   733  00FB  00F5               	movwf	tabla_7seg@uwu
   734  00FC                     l762:
   735                           
   736                           ;pre_semaforo.c: 197:     switch(uwu)
   737  00FC  2907               	goto	l796
   738  00FD                     l764:
   739                           
   740                           ;pre_semaforo.c: 200:             return 0b01001111;
   741  00FD  304F               	movlw	79
   742  00FE  291D               	goto	l106
   743  00FF                     l770:
   744                           
   745                           ;pre_semaforo.c: 204:             return 0b01011011;
   746  00FF  305B               	movlw	91
   747  0100  291D               	goto	l106
   748  0101                     l776:
   749                           
   750                           ;pre_semaforo.c: 208:             return 0b00000110;
   751  0101  3006               	movlw	6
   752  0102  291D               	goto	l106
   753  0103                     l782:
   754                           
   755                           ;pre_semaforo.c: 212:             return 0b00111111;
   756  0103  303F               	movlw	63
   757  0104  291D               	goto	l106
   758  0105                     l788:
   759                           
   760                           ;pre_semaforo.c: 216:             return 0b01010101;
   761  0105  3055               	movlw	85
   762  0106  291D               	goto	l106
   763  0107                     l796:
   764  0107  0875               	movf	tabla_7seg@uwu,w
   765  0108  00F3               	movwf	??_tabla_7seg
   766  0109  01F4               	clrf	??_tabla_7seg+1
   767                           
   768                           ; Switch on 2 bytes has been partitioned into a top level switch of size 1, and 1 sub-sw
      +                          itches
   769                           ; Switch size 1, requested type "simple"
   770                           ; Number of cases is 1, Range of values is 0 to 0
   771                           ; switch strategies available:
   772                           ; Name         Instructions Cycles
   773                           ; simple_byte            4     3 (average)
   774                           ; direct_byte           11     8 (fixed)
   775                           ; jumptable            260     6 (fixed)
   776                           ;	Chosen strategy is simple_byte
   777  010A  0874               	movf	??_tabla_7seg+1,w
   778  010B  3A00               	xorlw	0	; case 0
   779  010C  1903               	skipnz
   780  010D  290F               	goto	l956
   781  010E  2905               	goto	l788
   782  010F                     l956:
   783                           
   784                           ; Switch size 1, requested type "simple"
   785                           ; Number of cases is 4, Range of values is 0 to 3
   786                           ; switch strategies available:
   787                           ; Name         Instructions Cycles
   788                           ; simple_byte           13     7 (average)
   789                           ; direct_byte           20     8 (fixed)
   790                           ; jumptable            260     6 (fixed)
   791                           ;	Chosen strategy is simple_byte
   792  010F  0873               	movf	??_tabla_7seg,w
   793  0110  3A00               	xorlw	0	; case 0
   794  0111  1903               	skipnz
   795  0112  28FD               	goto	l764
   796  0113  3A01               	xorlw	1	; case 1
   797  0114  1903               	skipnz
   798  0115  28FF               	goto	l770
   799  0116  3A03               	xorlw	3	; case 2
   800  0117  1903               	skipnz
   801  0118  2901               	goto	l776
   802  0119  3A01               	xorlw	1	; case 3
   803  011A  1903               	skipnz
   804  011B  2903               	goto	l782
   805  011C  2905               	goto	l788
   806  011D                     l106:
   807  011D  0008               	return
   808  011E                     __end_of_tabla_7seg:
   809                           
   810                           	psect	text2
   811  011E                     __ptext2:	
   812 ;; *************** function _setup *****************
   813 ;; Defined at:
   814 ;;		line 75 in file "pre_semaforo.c"
   815 ;; Parameters:    Size  Location     Type
   816 ;;		None
   817 ;; Auto vars:     Size  Location     Type
   818 ;;		None
   819 ;; Return value:  Size  Location     Type
   820 ;;                  1    wreg      void 
   821 ;; Registers used:
   822 ;;		wreg, status,2, status,0, pclath, cstack
   823 ;; Tracked objects:
   824 ;;		On entry : 0/0
   825 ;;		On exit  : 0/0
   826 ;;		Unchanged: 0/0
   827 ;; Data sizes:     COMMON   BANK0   BANK1   BANK3   BANK2
   828 ;;      Params:         0       0       0       0       0
   829 ;;      Locals:         0       0       0       0       0
   830 ;;      Temps:          0       0       0       0       0
   831 ;;      Totals:         0       0       0       0       0
   832 ;;Total ram usage:        0 bytes
   833 ;; Hardware stack levels used: 1
   834 ;; Hardware stack levels required when called: 2
   835 ;; This function calls:
   836 ;;		_config_clock
   837 ;;		_config_ie
   838 ;;		_config_io
   839 ;;		_config_iocb
   840 ;;		_config_tmr1
   841 ;; This function is called by:
   842 ;;		_main
   843 ;; This function uses a non-reentrant model
   844 ;;
   845                           
   846                           
   847                           ;psect for function _setup
   848  011E                     _setup:
   849  011E                     l754:	
   850                           ;incstack = 0
   851                           ; Regs used in _setup: [wreg+status,2+status,0+pclath+cstack]
   852                           
   853                           
   854                           ;pre_semaforo.c: 76:     config_io();
   855  011E  120A  118A  2138  120A  118A  	fcall	_config_io
   856                           
   857                           ;pre_semaforo.c: 77:     config_clock();
   858  0123  120A  118A  2158  120A  118A  	fcall	_config_clock
   859                           
   860                           ;pre_semaforo.c: 78:     config_tmr1();
   861  0128  120A  118A  214A  120A  118A  	fcall	_config_tmr1
   862  012D                     l756:
   863                           
   864                           ;pre_semaforo.c: 79:     config_ie();
   865  012D  120A  118A  2167  120A  118A  	fcall	_config_ie
   866  0132                     l758:
   867                           
   868                           ;pre_semaforo.c: 80:     config_iocb();
   869  0132  120A  118A  2160  120A  118A  	fcall	_config_iocb
   870  0137                     l63:
   871  0137  0008               	return
   872  0138                     __end_of_setup:
   873                           
   874                           	psect	text3
   875  014A                     __ptext3:	
   876 ;; *************** function _config_tmr1 *****************
   877 ;; Defined at:
   878 ;;		line 253 in file "pre_semaforo.c"
   879 ;; Parameters:    Size  Location     Type
   880 ;;		None
   881 ;; Auto vars:     Size  Location     Type
   882 ;;		None
   883 ;; Return value:  Size  Location     Type
   884 ;;                  1    wreg      void 
   885 ;; Registers used:
   886 ;;		wreg
   887 ;; Tracked objects:
   888 ;;		On entry : 0/0
   889 ;;		On exit  : 0/0
   890 ;;		Unchanged: 0/0
   891 ;; Data sizes:     COMMON   BANK0   BANK1   BANK3   BANK2
   892 ;;      Params:         0       0       0       0       0
   893 ;;      Locals:         0       0       0       0       0
   894 ;;      Temps:          0       0       0       0       0
   895 ;;      Totals:         0       0       0       0       0
   896 ;;Total ram usage:        0 bytes
   897 ;; Hardware stack levels used: 1
   898 ;; Hardware stack levels required when called: 1
   899 ;; This function calls:
   900 ;;		Nothing
   901 ;; This function is called by:
   902 ;;		_setup
   903 ;; This function uses a non-reentrant model
   904 ;;
   905                           
   906                           
   907                           ;psect for function _config_tmr1
   908  014A                     _config_tmr1:
   909  014A                     l742:	
   910                           ;incstack = 0
   911                           ; Regs used in _config_tmr1: [wreg]
   912                           
   913                           
   914                           ;pre_semaforo.c: 257:     T1CONbits.T1CKPS1 = 1;
   915  014A  1283               	bcf	3,5	;RP0=0, select bank0
   916  014B  1303               	bcf	3,6	;RP1=0, select bank0
   917  014C  1690               	bsf	16,5	;volatile
   918                           
   919                           ;pre_semaforo.c: 258:     T1CONbits.T1CKPS0 = 1;
   920  014D  1610               	bsf	16,4	;volatile
   921                           
   922                           ;pre_semaforo.c: 259:     T1CONbits.T1OSCEN = 0;
   923  014E  1190               	bcf	16,3	;volatile
   924                           
   925                           ;pre_semaforo.c: 260:     T1CONbits.T1SYNC = 1;
   926  014F  1510               	bsf	16,2	;volatile
   927                           
   928                           ;pre_semaforo.c: 261:     T1CONbits.TMR1CS = 0;
   929  0150  1090               	bcf	16,1	;volatile
   930                           
   931                           ;pre_semaforo.c: 262:     T1CONbits.TMR1ON = 1;
   932  0151  1410               	bsf	16,0	;volatile
   933  0152                     l744:
   934                           
   935                           ;pre_semaforo.c: 263:     TMR1H = 11;
   936  0152  300B               	movlw	11
   937  0153  008F               	movwf	15	;volatile
   938                           
   939                           ;pre_semaforo.c: 264:     TMR1L = 220;
   940  0154  30DC               	movlw	220
   941  0155  008E               	movwf	14	;volatile
   942  0156                     l746:
   943                           
   944                           ;pre_semaforo.c: 266:     PIR1bits.TMR1IF = 0;
   945  0156  100C               	bcf	12,0	;volatile
   946  0157                     l120:
   947  0157  0008               	return
   948  0158                     __end_of_config_tmr1:
   949                           
   950                           	psect	text4
   951  0160                     __ptext4:	
   952 ;; *************** function _config_iocb *****************
   953 ;; Defined at:
   954 ;;		line 279 in file "pre_semaforo.c"
   955 ;; Parameters:    Size  Location     Type
   956 ;;		None
   957 ;; Auto vars:     Size  Location     Type
   958 ;;		None
   959 ;; Return value:  Size  Location     Type
   960 ;;                  1    wreg      void 
   961 ;; Registers used:
   962 ;;		None
   963 ;; Tracked objects:
   964 ;;		On entry : 0/0
   965 ;;		On exit  : 0/0
   966 ;;		Unchanged: 0/0
   967 ;; Data sizes:     COMMON   BANK0   BANK1   BANK3   BANK2
   968 ;;      Params:         0       0       0       0       0
   969 ;;      Locals:         0       0       0       0       0
   970 ;;      Temps:          0       0       0       0       0
   971 ;;      Totals:         0       0       0       0       0
   972 ;;Total ram usage:        0 bytes
   973 ;; Hardware stack levels used: 1
   974 ;; Hardware stack levels required when called: 1
   975 ;; This function calls:
   976 ;;		Nothing
   977 ;; This function is called by:
   978 ;;		_setup
   979 ;; This function uses a non-reentrant model
   980 ;;
   981                           
   982                           
   983                           ;psect for function _config_iocb
   984  0160                     _config_iocb:
   985  0160                     l752:	
   986                           ;incstack = 0
   987                           ; Regs used in _config_iocb: []
   988                           
   989                           
   990                           ;pre_semaforo.c: 280:     IOCBbits.IOCB5 = 1;
   991  0160  1683               	bsf	3,5	;RP0=1, select bank1
   992  0161  1303               	bcf	3,6	;RP1=0, select bank1
   993  0162  1696               	bsf	22,5	;volatile
   994                           
   995                           ;pre_semaforo.c: 281:     IOCBbits.IOCB6 = 1;
   996  0163  1716               	bsf	22,6	;volatile
   997                           
   998                           ;pre_semaforo.c: 282:     IOCBbits.IOCB7 = 1;
   999  0164  1796               	bsf	22,7	;volatile
  1000                           
  1001                           ;pre_semaforo.c: 284:     INTCONbits.RBIF = 0;
  1002  0165  100B               	bcf	11,0	;volatile
  1003  0166                     l126:	
  1004                           ;pre_semaforo.c: 285:     return;
  1005                           
  1006  0166  0008               	return
  1007  0167                     __end_of_config_iocb:
  1008                           
  1009                           	psect	text5
  1010  0138                     __ptext5:	
  1011 ;; *************** function _config_io *****************
  1012 ;; Defined at:
  1013 ;;		line 228 in file "pre_semaforo.c"
  1014 ;; Parameters:    Size  Location     Type
  1015 ;;		None
  1016 ;; Auto vars:     Size  Location     Type
  1017 ;;		None
  1018 ;; Return value:  Size  Location     Type
  1019 ;;                  1    wreg      void 
  1020 ;; Registers used:
  1021 ;;		wreg, status,2
  1022 ;; Tracked objects:
  1023 ;;		On entry : 0/0
  1024 ;;		On exit  : 0/0
  1025 ;;		Unchanged: 0/0
  1026 ;; Data sizes:     COMMON   BANK0   BANK1   BANK3   BANK2
  1027 ;;      Params:         0       0       0       0       0
  1028 ;;      Locals:         0       0       0       0       0
  1029 ;;      Temps:          0       0       0       0       0
  1030 ;;      Totals:         0       0       0       0       0
  1031 ;;Total ram usage:        0 bytes
  1032 ;; Hardware stack levels used: 1
  1033 ;; Hardware stack levels required when called: 1
  1034 ;; This function calls:
  1035 ;;		Nothing
  1036 ;; This function is called by:
  1037 ;;		_setup
  1038 ;; This function uses a non-reentrant model
  1039 ;;
  1040                           
  1041                           
  1042                           ;psect for function _config_io
  1043  0138                     _config_io:
  1044  0138                     l718:	
  1045                           ;incstack = 0
  1046                           ; Regs used in _config_io: [wreg+status,2]
  1047                           
  1048                           
  1049                           ;pre_semaforo.c: 229:     ANSEL = 0;
  1050  0138  1683               	bsf	3,5	;RP0=1, select bank3
  1051  0139  1703               	bsf	3,6	;RP1=1, select bank3
  1052  013A  0188               	clrf	8	;volatile
  1053                           
  1054                           ;pre_semaforo.c: 230:     ANSELH = 0;
  1055  013B  0189               	clrf	9	;volatile
  1056                           
  1057                           ;pre_semaforo.c: 232:     TRISA = 0;
  1058  013C  1683               	bsf	3,5	;RP0=1, select bank1
  1059  013D  1303               	bcf	3,6	;RP1=0, select bank1
  1060  013E  0185               	clrf	5	;volatile
  1061  013F                     l720:
  1062                           
  1063                           ;pre_semaforo.c: 233:     TRISB = 0b11100000;
  1064  013F  30E0               	movlw	224
  1065  0140  0086               	movwf	6	;volatile
  1066  0141                     l722:
  1067                           
  1068                           ;pre_semaforo.c: 234:     TRISC = 0;
  1069  0141  0187               	clrf	7	;volatile
  1070  0142                     l724:
  1071                           
  1072                           ;pre_semaforo.c: 235:     TRISD = 0;
  1073  0142  0188               	clrf	8	;volatile
  1074  0143                     l726:
  1075                           
  1076                           ;pre_semaforo.c: 238:     PORTA = 0;
  1077  0143  1283               	bcf	3,5	;RP0=0, select bank0
  1078  0144  1303               	bcf	3,6	;RP1=0, select bank0
  1079  0145  0185               	clrf	5	;volatile
  1080  0146                     l728:
  1081                           
  1082                           ;pre_semaforo.c: 239:     PORTB = 0;
  1083  0146  0186               	clrf	6	;volatile
  1084  0147                     l730:
  1085                           
  1086                           ;pre_semaforo.c: 240:     PORTC = 0;
  1087  0147  0187               	clrf	7	;volatile
  1088  0148                     l732:
  1089                           
  1090                           ;pre_semaforo.c: 241:     PORTD = 0;
  1091  0148  0188               	clrf	8	;volatile
  1092  0149                     l114:
  1093  0149  0008               	return
  1094  014A                     __end_of_config_io:
  1095                           
  1096                           	psect	text6
  1097  0167                     __ptext6:	
  1098 ;; *************** function _config_ie *****************
  1099 ;; Defined at:
  1100 ;;		line 270 in file "pre_semaforo.c"
  1101 ;; Parameters:    Size  Location     Type
  1102 ;;		None
  1103 ;; Auto vars:     Size  Location     Type
  1104 ;;		None
  1105 ;; Return value:  Size  Location     Type
  1106 ;;                  1    wreg      void 
  1107 ;; Registers used:
  1108 ;;		None
  1109 ;; Tracked objects:
  1110 ;;		On entry : 0/0
  1111 ;;		On exit  : 0/0
  1112 ;;		Unchanged: 0/0
  1113 ;; Data sizes:     COMMON   BANK0   BANK1   BANK3   BANK2
  1114 ;;      Params:         0       0       0       0       0
  1115 ;;      Locals:         0       0       0       0       0
  1116 ;;      Temps:          0       0       0       0       0
  1117 ;;      Totals:         0       0       0       0       0
  1118 ;;Total ram usage:        0 bytes
  1119 ;; Hardware stack levels used: 1
  1120 ;; Hardware stack levels required when called: 1
  1121 ;; This function calls:
  1122 ;;		Nothing
  1123 ;; This function is called by:
  1124 ;;		_setup
  1125 ;; This function uses a non-reentrant model
  1126 ;;
  1127                           
  1128                           
  1129                           ;psect for function _config_ie
  1130  0167                     _config_ie:
  1131  0167                     l750:	
  1132                           ;incstack = 0
  1133                           ; Regs used in _config_ie: []
  1134                           
  1135                           
  1136                           ;pre_semaforo.c: 271:     INTCONbits.GIE = 1;
  1137  0167  178B               	bsf	11,7	;volatile
  1138                           
  1139                           ;pre_semaforo.c: 272:     INTCONbits.PEIE = 1;
  1140  0168  170B               	bsf	11,6	;volatile
  1141                           
  1142                           ;pre_semaforo.c: 274:     PIE1bits.TMR1IE = 1;
  1143  0169  1683               	bsf	3,5	;RP0=1, select bank1
  1144  016A  1303               	bcf	3,6	;RP1=0, select bank1
  1145  016B  140C               	bsf	12,0	;volatile
  1146                           
  1147                           ;pre_semaforo.c: 275:     INTCONbits.RBIE = 1;
  1148  016C  158B               	bsf	11,3	;volatile
  1149  016D                     l123:	
  1150                           ;pre_semaforo.c: 276:     return;
  1151                           
  1152  016D  0008               	return
  1153  016E                     __end_of_config_ie:
  1154                           
  1155                           	psect	text7
  1156  0158                     __ptext7:	
  1157 ;; *************** function _config_clock *****************
  1158 ;; Defined at:
  1159 ;;		line 247 in file "pre_semaforo.c"
  1160 ;; Parameters:    Size  Location     Type
  1161 ;;		None
  1162 ;; Auto vars:     Size  Location     Type
  1163 ;;		None
  1164 ;; Return value:  Size  Location     Type
  1165 ;;                  1    wreg      void 
  1166 ;; Registers used:
  1167 ;;		wreg, status,2, status,0
  1168 ;; Tracked objects:
  1169 ;;		On entry : 0/0
  1170 ;;		On exit  : 0/0
  1171 ;;		Unchanged: 0/0
  1172 ;; Data sizes:     COMMON   BANK0   BANK1   BANK3   BANK2
  1173 ;;      Params:         0       0       0       0       0
  1174 ;;      Locals:         0       0       0       0       0
  1175 ;;      Temps:          0       0       0       0       0
  1176 ;;      Totals:         0       0       0       0       0
  1177 ;;Total ram usage:        0 bytes
  1178 ;; Hardware stack levels used: 1
  1179 ;; Hardware stack levels required when called: 1
  1180 ;; This function calls:
  1181 ;;		Nothing
  1182 ;; This function is called by:
  1183 ;;		_setup
  1184 ;; This function uses a non-reentrant model
  1185 ;;
  1186                           
  1187                           
  1188                           ;psect for function _config_clock
  1189  0158                     _config_clock:
  1190  0158                     l736:	
  1191                           ;incstack = 0
  1192                           ; Regs used in _config_clock: [wreg+status,2+status,0]
  1193                           
  1194                           
  1195                           ;pre_semaforo.c: 248:     OSCCONbits.IRCF = 5;
  1196  0158  1683               	bsf	3,5	;RP0=1, select bank1
  1197  0159  1303               	bcf	3,6	;RP1=0, select bank1
  1198  015A  080F               	movf	15,w	;volatile
  1199  015B  398F               	andlw	-113
  1200  015C  3850               	iorlw	80
  1201  015D  008F               	movwf	15	;volatile
  1202  015E                     l738:
  1203                           
  1204                           ;pre_semaforo.c: 249:     OSCCONbits.SCS = 1;
  1205  015E  140F               	bsf	15,0	;volatile
  1206  015F                     l117:
  1207  015F  0008               	return
  1208  0160                     __end_of_config_clock:
  1209                           
  1210                           	psect	text8
  1211  00C9                     __ptext8:	
  1212 ;; *************** function _isr *****************
  1213 ;; Defined at:
  1214 ;;		line 89 in file "pre_semaforo.c"
  1215 ;; Parameters:    Size  Location     Type
  1216 ;;		None
  1217 ;; Auto vars:     Size  Location     Type
  1218 ;;		None
  1219 ;; Return value:  Size  Location     Type
  1220 ;;                  1    wreg      void 
  1221 ;; Registers used:
  1222 ;;		wreg, status,2, status,0
  1223 ;; Tracked objects:
  1224 ;;		On entry : 0/0
  1225 ;;		On exit  : 0/0
  1226 ;;		Unchanged: 0/0
  1227 ;; Data sizes:     COMMON   BANK0   BANK1   BANK3   BANK2
  1228 ;;      Params:         0       0       0       0       0
  1229 ;;      Locals:         0       0       0       0       0
  1230 ;;      Temps:          3       0       0       0       0
  1231 ;;      Totals:         3       0       0       0       0
  1232 ;;Total ram usage:        3 bytes
  1233 ;; Hardware stack levels used: 1
  1234 ;; This function calls:
  1235 ;;		Nothing
  1236 ;; This function is called by:
  1237 ;;		Interrupt level 1
  1238 ;; This function uses a non-reentrant model
  1239 ;;
  1240                           
  1241                           
  1242                           ;psect for function _isr
  1243  00C9                     _isr:
  1244  00C9                     i1l802:
  1245                           
  1246                           ;pre_semaforo.c: 90:     if (PIR1bits.TMR1IF){
  1247  00C9  1283               	bcf	3,5	;RP0=0, select bank0
  1248  00CA  1303               	bcf	3,6	;RP1=0, select bank0
  1249  00CB  1C0C               	btfss	12,0	;volatile
  1250  00CC  28CE               	goto	u1_21
  1251  00CD  28CF               	goto	u1_20
  1252  00CE                     u1_21:
  1253  00CE  28D4               	goto	i1l808
  1254  00CF                     u1_20:
  1255  00CF                     i1l804:
  1256                           
  1257                           ;pre_semaforo.c: 91:         segundero++;
  1258  00CF  3001               	movlw	1
  1259  00D0  00F0               	movwf	??_isr
  1260  00D1  0870               	movf	??_isr,w
  1261  00D2  07FA               	addwf	_segundero,f
  1262  00D3                     i1l806:
  1263                           
  1264                           ;pre_semaforo.c: 92:         PIR1bits.TMR1IF = 0;
  1265  00D3  100C               	bcf	12,0	;volatile
  1266  00D4                     i1l808:
  1267                           
  1268                           ;pre_semaforo.c: 95:     if (INTCONbits.RBIF) {
  1269  00D4  1C0B               	btfss	11,0	;volatile
  1270  00D5  28D7               	goto	u2_21
  1271  00D6  28D8               	goto	u2_20
  1272  00D7                     u2_21:
  1273  00D7  28F4               	goto	i1l74
  1274  00D8                     u2_20:
  1275  00D8                     i1l810:
  1276                           
  1277                           ;pre_semaforo.c: 96:         if (PORTBbits.RB5){
  1278  00D8  1E86               	btfss	6,5	;volatile
  1279  00D9  28DB               	goto	u3_21
  1280  00DA  28DC               	goto	u3_20
  1281  00DB                     u3_21:
  1282  00DB  28DE               	goto	i1l814
  1283  00DC                     u3_20:
  1284  00DC                     i1l812:
  1285                           
  1286                           ;pre_semaforo.c: 97:             activador = 1;
  1287  00DC  01F9               	clrf	_activador
  1288  00DD  0AF9               	incf	_activador,f
  1289  00DE                     i1l814:
  1290                           
  1291                           ;pre_semaforo.c: 100:         if (race_mode) {
  1292  00DE  0878               	movf	_race_mode,w
  1293  00DF  1903               	btfsc	3,2
  1294  00E0  28E2               	goto	u4_21
  1295  00E1  28E3               	goto	u4_20
  1296  00E2                     u4_21:
  1297  00E2  28F3               	goto	i1l824
  1298  00E3                     u4_20:
  1299  00E3                     i1l816:
  1300                           
  1301                           ;pre_semaforo.c: 101:             if (PORTBbits.RB6) {
  1302  00E3  1F06               	btfss	6,6	;volatile
  1303  00E4  28E6               	goto	u5_21
  1304  00E5  28E7               	goto	u5_20
  1305  00E6                     u5_21:
  1306  00E6  28EB               	goto	i1l820
  1307  00E7                     u5_20:
  1308  00E7                     i1l818:
  1309                           
  1310                           ;pre_semaforo.c: 102:                 PORTA = PORTA << 1;
  1311  00E7  0805               	movf	5,w	;volatile
  1312  00E8  00F0               	movwf	??_isr
  1313  00E9  0770               	addwf	??_isr,w
  1314  00EA  0085               	movwf	5	;volatile
  1315  00EB                     i1l820:
  1316                           
  1317                           ;pre_semaforo.c: 105:             if (PORTBbits.RB7) {
  1318  00EB  1F86               	btfss	6,7	;volatile
  1319  00EC  28EE               	goto	u6_21
  1320  00ED  28EF               	goto	u6_20
  1321  00EE                     u6_21:
  1322  00EE  28F3               	goto	i1l824
  1323  00EF                     u6_20:
  1324  00EF                     i1l822:
  1325                           
  1326                           ;pre_semaforo.c: 106:                 PORTD = PORTD << 1;
  1327  00EF  0808               	movf	8,w	;volatile
  1328  00F0  00F0               	movwf	??_isr
  1329  00F1  0770               	addwf	??_isr,w
  1330  00F2  0088               	movwf	8	;volatile
  1331  00F3                     i1l824:
  1332                           
  1333                           ;pre_semaforo.c: 109:         INTCONbits.RBIF = 0;
  1334  00F3  100B               	bcf	11,0	;volatile
  1335  00F4                     i1l74:
  1336  00F4  0872               	movf	??_isr+2,w
  1337  00F5  008A               	movwf	10
  1338  00F6  0E71               	swapf	??_isr+1,w
  1339  00F7  0083               	movwf	3
  1340  00F8  0EFE               	swapf	btemp,f
  1341  00F9  0E7E               	swapf	btemp,w
  1342  00FA  0009               	retfie
  1343  00FB                     __end_of_isr:
  1344  007E                     btemp	set	126	;btemp
  1345  007E                     wtemp0	set	126
  1346                           
  1347                           	psect	intentry
  1348  0004                     __pintentry:	
  1349                           ;incstack = 0
  1350                           ; Regs used in _isr: [wreg+status,2+status,0]
  1351                           
  1352  0004                     interrupt_function:
  1353  007E                     saved_w	set	btemp
  1354  0004  00FE               	movwf	btemp
  1355  0005  0E03               	swapf	3,w
  1356  0006  00F1               	movwf	??_isr+1
  1357  0007  080A               	movf	10,w
  1358  0008  00F2               	movwf	??_isr+2
  1359  0009  120A  118A  28C9   	ljmp	_isr
  1360                           
  1361                           	psect	config
  1362                           
  1363                           ;Config register CONFIG1 @ 0x2007
  1364                           ;	Oscillator Selection bits
  1365                           ;	FOSC = INTRC_NOCLKOUT, INTOSCIO oscillator: I/O function on RA6/OSC2/CLKOUT pin, I/O f
      +                          unction on RA7/OSC1/CLKIN
  1366                           ;	Watchdog Timer Enable bit
  1367                           ;	WDTE = OFF, WDT disabled and can be enabled by SWDTEN bit of the WDTCON register
  1368                           ;	Power-up Timer Enable bit
  1369                           ;	PWRTE = OFF, PWRT disabled
  1370                           ;	RE3/MCLR pin function select bit
  1371                           ;	MCLRE = OFF, RE3/MCLR pin function is digital input, MCLR internally tied to VDD
  1372                           ;	Code Protection bit
  1373                           ;	CP = OFF, Program memory code protection is disabled
  1374                           ;	Data Code Protection bit
  1375                           ;	CPD = OFF, Data memory code protection is disabled
  1376                           ;	Brown Out Reset Selection bits
  1377                           ;	BOREN = OFF, BOR disabled
  1378                           ;	Internal External Switchover bit
  1379                           ;	IESO = OFF, Internal/External Switchover mode is disabled
  1380                           ;	Fail-Safe Clock Monitor Enabled bit
  1381                           ;	FCMEN = OFF, Fail-Safe Clock Monitor is disabled
  1382                           ;	Low Voltage Programming Enable bit
  1383                           ;	LVP = OFF, RB3 pin has digital I/O, HV on MCLR must be used for programming
  1384                           ;	In-Circuit Debugger Mode bit
  1385                           ;	DEBUG = 0x1, unprogrammed default
  1386  2007                     	org	8199
  1387  2007  20D4               	dw	8404
  1388                           
  1389                           ;Config register CONFIG2 @ 0x2008
  1390                           ;	Brown-out Reset Selection bit
  1391                           ;	BOR4V = BOR40V, Brown-out Reset set to 4.0V
  1392                           ;	Flash Program Memory Self Write Enable bits
  1393                           ;	WRT = OFF, Write protection off
  1394  2008                     	org	8200
  1395  2008  3FFF               	dw	16383

Data Sizes:
    Strings     0
    Constant    0
    Data        0
    BSS         3
    Persistent  0
    Stack       0

Auto Spaces:
    Space          Size  Autos    Used
    COMMON           14      8      11
    BANK0            80      0       0
    BANK1            80      0       0
    BANK3            96      0       0
    BANK2            96      0       0

Pointer List with Targets:

    None.

Critical Paths under _main in COMMON

    _main->_tabla_7seg

Critical Paths under _isr in COMMON

    None.

Critical Paths under _main in BANK0

    None.

Critical Paths under _isr in BANK0

    None.

Critical Paths under _main in BANK1

    None.

Critical Paths under _isr in BANK1

    None.

Critical Paths under _main in BANK3

    None.

Critical Paths under _isr in BANK3

    None.

Critical Paths under _main in BANK2

    None.

Critical Paths under _isr in BANK2

    None.

Call Graph Tables:

 ---------------------------------------------------------------------------------
 (Depth) Function   	        Calls       Base Space   Used Autos Params    Refs
 ---------------------------------------------------------------------------------
 (0) _main                                                 2     2      0      15
                                              6 COMMON     2     2      0
                              _setup
                         _tabla_7seg
 ---------------------------------------------------------------------------------
 (1) _tabla_7seg                                           3     3      0      15
                                              3 COMMON     3     3      0
 ---------------------------------------------------------------------------------
 (1) _setup                                                0     0      0       0
                       _config_clock
                          _config_ie
                          _config_io
                        _config_iocb
                        _config_tmr1
 ---------------------------------------------------------------------------------
 (2) _config_tmr1                                          0     0      0       0
 ---------------------------------------------------------------------------------
 (2) _config_iocb                                          0     0      0       0
 ---------------------------------------------------------------------------------
 (2) _config_io                                            0     0      0       0
 ---------------------------------------------------------------------------------
 (2) _config_ie                                            0     0      0       0
 ---------------------------------------------------------------------------------
 (2) _config_clock                                         0     0      0       0
 ---------------------------------------------------------------------------------
 Estimated maximum stack depth 2
 ---------------------------------------------------------------------------------
 (Depth) Function   	        Calls       Base Space   Used Autos Params    Refs
 ---------------------------------------------------------------------------------
 (3) _isr                                                  3     3      0       0
                                              0 COMMON     3     3      0
 ---------------------------------------------------------------------------------
 Estimated maximum stack depth 3
 ---------------------------------------------------------------------------------

 Call Graph Graphs:

 _main (ROOT)
   _setup
     _config_clock
     _config_ie
     _config_io
     _config_iocb
     _config_tmr1
   _tabla_7seg

 _isr (ROOT)

 Address spaces:
Name               Size   Autos  Total    Cost      Usage
BITCOMMON            E      0       0       0        0.0%
EEDATA             100      0       0       0        0.0%
NULL                 0      0       0       0        0.0%
CODE                 0      0       0       0        0.0%
COMMON               E      8       B       1       78.6%
BITSFR0              0      0       0       1        0.0%
SFR0                 0      0       0       1        0.0%
BITSFR1              0      0       0       2        0.0%
SFR1                 0      0       0       2        0.0%
STACK                0      0       0       2        0.0%
ABS                  0      0       B       3        0.0%
BITBANK0            50      0       0       4        0.0%
BITSFR3              0      0       0       4        0.0%
SFR3                 0      0       0       4        0.0%
BANK0               50      0       0       5        0.0%
BITSFR2              0      0       0       5        0.0%
SFR2                 0      0       0       5        0.0%
BITBANK1            50      0       0       6        0.0%
BANK1               50      0       0       7        0.0%
BITBANK3            60      0       0       8        0.0%
BANK3               60      0       0       9        0.0%
BITBANK2            60      0       0      10        0.0%
BANK2               60      0       0      11        0.0%
DATA                 0      0       B      12        0.0%


Microchip Technology PIC Macro Assembler V2.32 build 20210201212658 
Symbol Table                                                                                   Wed Jan 19 20:38:37 2022

                     l63 0137                       l82 009E                       l87 0088  
                     u70 0029                       u71 0028                       u80 003D  
                     u81 003C                       u90 0052                       u91 0051  
                    l120 0157                      l114 0149                      l106 011D  
                    l123 016D                      l117 015F                      l126 0166  
                    l720 013F                      l730 0147                      l722 0141  
                    l732 0148                      l724 0142                      l900 00BE  
                    l750 0167                      l726 0143                      l718 0138  
                    l742 014A                      l902 00C0                      l830 001C  
                    l736 0158                      l728 0146                      l752 0160  
                    l744 0152                      l904 00C1                      l840 0029  
                    l832 001F                      l738 015E                      l746 0156  
                    l754 011E                      l770 00FF                      l762 00FC  
                    l906 00C2                      l850 004C                      l842 002C  
                    l834 0021                      l756 012D                      l764 00FD  
                    l908 00C4                      l860 006C                      l852 0052  
                    l844 0037                      l836 0022                      l828 0016  
                    l758 0132                      l782 0103                      l870 0085  
                    l862 0076                      l854 0056                      l846 003D  
                    l838 0024                      l776 0101                      l880 00A5  
                    l872 0089                      l864 0078                      l856 0061  
                    l848 0041                      l890 00AF                      l882 00A7  
                    l954 0096                      l858 0067                      l866 007B  
                    l956 010F                      l788 0105                      l796 0107  
                    l892 00B0                      l884 00A8                      l868 0081  
                    l876 008E                      l894 00B4                      l886 00AC  
                    l878 00A4                      l896 00B8                      l888 00AD  
                    l898 00BC                      u100 0067                      u101 0066  
                    u110 0081                      u111 0080                      u120 00A4  
                    u121 00A3                      u130 00AC                      u131 00AB  
                    u140 00B4                      u141 00B3                      u150 00B8  
                    u151 00B7                      u160 00BC                      u161 00BB  
                    _isr 00C9                     ?_isr 0070                     i1l74 00F4  
                   u1_20 00CF                     u1_21 00CE                     u2_20 00D8  
                   u2_21 00D7                     u3_20 00DC                     u3_21 00DB  
                   u4_20 00E3                     u4_21 00E2                     u5_20 00E7  
                   u5_21 00E6                     u6_20 00EF                     u6_21 00EE  
                   _main 0016                     btemp 007E           ??_config_clock 0073  
                   start 000C                    ??_isr 0070                    ?_main 0070  
                  _ANSEL 0188                    i1l810 00D8                    i1l802 00C9  
                  i1l820 00EB                    i1l812 00DC                    i1l804 00CF  
                  i1l822 00EF                    i1l814 00DE                    i1l806 00D3  
                  i1l816 00E3                    i1l824 00F3                    i1l808 00D4  
                  i1l818 00E7                    _TMR1H 000F                    _TMR1L 000E  
                  _PORTA 0005                    _PORTB 0006                    _PORTC 0007  
                  _PORTD 0008                    _TRISA 0085                    _TRISB 0086  
                  _TRISC 0087                    _TRISD 0088                    _setup 011E  
                  pclath 000A                    status 0003                    wtemp0 007E  
        __initialization 000F             __end_of_main 00C9                   ??_main 0076  
                 ?_setup 0070                   _ANSELH 0189     __size_of_config_iocb 0007  
   __size_of_config_tmr1 000E     __end_of_config_clock 0160                   saved_w 007E  
__end_of__initialization 0012           __pcstackCOMMON 0070            __end_of_setup 0138  
     __size_of_config_ie 0007       __size_of_config_io 0012                  ??_setup 0073  
             __pmaintext 0016               __pintentry 0004        __end_of_config_ie 016E  
      __end_of_config_io 014A    __size_of_config_clock 0008                  __ptext1 00FB  
                __ptext2 011E                  __ptext3 014A                  __ptext4 0160  
                __ptext5 0138                  __ptext6 0167                  __ptext7 0158  
                __ptext8 00C9               _tabla_7seg 00FB                _T1CONbits 0010  
           __size_of_isr 0032     end_of_initialization 0012             _config_clock 0158  
              _PORTAbits 0005                _PORTBbits 0006                _PORTDbits 0008  
          ??_config_iocb 0073            ??_config_tmr1 0073              ?_tabla_7seg 0070  
    start_initialization 000F              __end_of_isr 00FB      __end_of_config_iocb 0167  
    __end_of_config_tmr1 0158              __pbssCOMMON 0078                ___latbits 0002  
    __size_of_tabla_7seg 0023                _activador 0079                _config_ie 0167  
              _config_io 0138                _race_mode 0078           __size_of_setup 001A  
      interrupt_function 0004                 _IOCBbits 0096                 _PIE1bits 008C  
            _config_iocb 0160                _segundero 007A                 _PIR1bits 000C  
            _config_tmr1 014A               ?_config_ie 0070               ?_config_io 0070  
           ??_tabla_7seg 0073            __size_of_main 00B3       __end_of_tabla_7seg 011E  
            ??_config_ie 0073              ??_config_io 0073               _INTCONbits 000B  
               intlevel1 0000               _OSCCONbits 008F            tabla_7seg@uwu 0075  
          ?_config_clock 0070             ?_config_iocb 0070             ?_config_tmr1 0070  
